Log file open, 10/09/20 22:09:26
LogWindows: Failed to load 'aqProf.dll' (GetLastError=126)
LogWindows: File 'aqProf.dll' does not exist
LogWindows: Failed to load 'VtuneApi.dll' (GetLastError=126)
LogWindows: File 'VtuneApi.dll' does not exist
LogWindows: Failed to load 'VtuneApi32e.dll' (GetLastError=126)
LogWindows: File 'VtuneApi32e.dll' does not exist
LogConsoleResponse: Display: Failed to find resolution value strings in scalability ini. Falling back to default.
LogInit: Display: Running engine for game: Gameplay_Workshop
LogPakFile: Registered encryption key '00000000000000000000000000000000': 0 pak files mounted, 0 remain pending
LogPlatformFile: Not using cached read wrapper
LogTaskGraph: Started task graph with 5 named threads and 23 total threads with 3 sets of task threads.
LogStats: Stats thread started at 0.378607
LogD3D11RHI: Loaded GFSDK_Aftermath_Lib.x64.dll
LogICUInternationalization: ICU TimeZone Detection - Raw Offset: -8:00, Platform Override: ''
LogPluginManager: Mounting plugin Paper2D
LogPluginManager: Mounting plugin AISupport
LogPluginManager: Mounting plugin LightPropagationVolume
LogPluginManager: Mounting plugin ActorLayerUtilities
LogPluginManager: Mounting plugin AnimationSharing
LogPluginManager: Mounting plugin CLionSourceCodeAccess
LogPluginManager: Mounting plugin CodeLiteSourceCodeAccess
LogPluginManager: Mounting plugin GitSourceControl
LogPluginManager: Mounting plugin KDevelopSourceCodeAccess
LogPluginManager: Mounting plugin NullSourceCodeAccess
LogPluginManager: Mounting plugin PerforceSourceControl
LogPluginManager: Mounting plugin SubversionSourceControl
LogPluginManager: Mounting plugin UObjectPlugin
LogPluginManager: Mounting plugin VisualStudioCodeSourceCodeAccess
LogPluginManager: Mounting plugin VisualStudioSourceCodeAccess
LogPluginManager: Mounting plugin XCodeSourceCodeAccess
LogPluginManager: Mounting plugin AssetManagerEditor
LogPluginManager: Mounting plugin CryptoKeys
LogPluginManager: Mounting plugin DataValidation
LogPluginManager: Mounting plugin FacialAnimation
LogPluginManager: Mounting plugin GameplayTagsEditor
LogPluginManager: Mounting plugin MacGraphicsSwitching
LogPluginManager: Mounting plugin MaterialAnalyzer
LogPluginManager: Mounting plugin MobileLauncherProfileWizard
LogPluginManager: Mounting plugin PluginBrowser
LogPluginManager: Mounting plugin SpeedTreeImporter
LogPluginManager: Mounting plugin DatasmithContent
LogPluginManager: Mounting plugin VariantManagerContent
LogPluginManager: Mounting plugin AlembicImporter
LogPluginManager: Mounting plugin AppleImageUtils
LogPluginManager: Mounting plugin AppleVision
LogPluginManager: Mounting plugin BackChannel
LogPluginManager: Mounting plugin CharacterAI
LogPluginManager: Mounting plugin GeometryCache
LogPluginManager: Mounting plugin HTML5Networking
LogPluginManager: Mounting plugin ProxyLODPlugin
LogPluginManager: Mounting plugin SkeletalReduction
LogPluginManager: Mounting plugin MagicLeap
LogPluginManager: Mounting plugin MagicLeapMedia
LogPluginManager: Mounting plugin AndroidMedia
LogPluginManager: Mounting plugin AvfMedia
LogPluginManager: Mounting plugin ImgMedia
LogPluginManager: Mounting plugin LinearTimecode
LogPluginManager: Mounting plugin MediaCompositing
LogPluginManager: Mounting plugin MediaPlayerEditor
LogPluginManager: Mounting plugin WebMMedia
LogPluginManager: Mounting plugin WmfMedia
LogPluginManager: Mounting plugin TcpMessaging
LogPluginManager: Mounting plugin UdpMessaging
LogPluginManager: Mounting plugin ActorSequence
LogPluginManager: Mounting plugin LevelSequenceEditor
LogPluginManager: Mounting plugin MatineeToLevelSequence
LogPluginManager: Mounting plugin NetcodeUnitTest
LogPluginManager: Mounting plugin NUTUnrealEngine4
LogPluginManager: Mounting plugin OnlineSubsystemGooglePlay
LogPluginManager: Mounting plugin OnlineSubsystemIOS
LogPluginManager: Mounting plugin OnlineSubsystem
LogPluginManager: Mounting plugin OnlineSubsystemNull
LogPluginManager: Mounting plugin OnlineSubsystemUtils
LogPluginManager: Mounting plugin LauncherChunkInstaller
LogPluginManager: Mounting plugin AndroidDeviceProfileSelector
LogPluginManager: Mounting plugin AndroidMoviePlayer
LogPluginManager: Mounting plugin AndroidPermission
LogPluginManager: Mounting plugin AppleMoviePlayer
LogPluginManager: Mounting plugin ArchVisCharacter
LogPluginManager: Mounting plugin AudioCapture
LogPluginManager: Mounting plugin CableComponent
LogPluginManager: Mounting plugin CustomMeshComponent
LogPluginManager: Mounting plugin EditableMesh
LogPluginManager: Mounting plugin ExampleDeviceProfileSelector
LogPluginManager: Mounting plugin Firebase
LogPluginManager: Mounting plugin GoogleCloudMessaging
LogPluginManager: Mounting plugin IOSDeviceProfileSelector
LogPluginManager: Mounting plugin LinuxDeviceProfileSelector
LogPluginManager: Mounting plugin LocationServicesBPLibrary
LogPluginManager: Mounting plugin MobilePatchingUtils
LogPluginManager: Mounting plugin OculusVR
LogPluginManager: Mounting plugin PhysXVehicles
LogPluginManager: Mounting plugin ProceduralMeshComponent
LogPluginManager: Mounting plugin RuntimePhysXCooking
LogPluginManager: Mounting plugin SignificanceManager
LogPluginManager: Mounting plugin SteamVR
LogPluginManager: Mounting plugin WebMMoviePlayer
LogPluginManager: Mounting plugin WindowsMoviePlayer
LogInit: Using libcurl 7.55.1-DEV
LogInit:  - built for x86_64-pc-win32
LogInit:  - supports SSL with OpenSSL/1.1.1
LogInit:  - supports HTTP deflate (compression) using libz 1.2.8
LogInit:  - other features:
LogInit:      CURL_VERSION_SSL
LogInit:      CURL_VERSION_LIBZ
LogInit:      CURL_VERSION_IPV6
LogInit:      CURL_VERSION_ASYNCHDNS
LogInit:      CURL_VERSION_LARGEFILE
LogInit:      CURL_VERSION_IDN
LogInit:  CurlRequestOptions (configurable via config and command line):
LogInit:  - bVerifyPeer = true  - Libcurl will verify peer certificate
LogInit:  - bUseHttpProxy = false  - Libcurl will NOT use HTTP proxy
LogInit:  - bDontReuseConnections = false  - Libcurl will reuse connections
LogInit:  - MaxHostConnections = 16  - Libcurl will limit the number of connections to a host
LogInit:  - LocalHostAddr = Default
LogInit:  - BufferSize = 65536
LogInit: WinSock: version 1.1 (2.2), MaxSocks=32767, MaxUdp=65467
LogInit: Build: ++UE4+Release-4.22-CL-7053642
LogInit: Engine Version: 4.22.3-7053642+++UE4+Release-4.22
LogInit: Compatible Engine Version: 4.22.0-5660361+++UE4+Release-4.22
LogInit: Net CL: 5660361
LogInit: OS: Windows 10 (Release 2004) (), CPU: Intel(R) Core(TM) i7-4710MQ CPU @ 2.50GHz, GPU: Intel(R) HD Graphics 4600
LogInit: Compiled (64-bit): Jun 18 2019 03:09:11
LogInit: Compiled with Visual C++: 19.16.27025.01
LogInit: Build Configuration: Development
LogInit: Branch Name: ++UE4+Release-4.22
LogInit: Command Line: 
LogInit: Base Directory: C:/Program Files/Epic Games/UE_4.22/Engine/Binaries/Win64/
LogInit: Installed Engine Build: 1
LogDevObjectVersion: Number of dev versions registered: 23
LogDevObjectVersion:   Dev-Blueprints (B0D832E4-1F89-4F0D-ACCF-7EB736FD4AA2): 10
LogDevObjectVersion:   Dev-Build (E1C64328-A22C-4D53-A36C-8E866417BD8C): 0
LogDevObjectVersion:   Dev-Core (375EC13C-06E4-48FB-B500-84F0262A717E): 3
LogDevObjectVersion:   Dev-Editor (E4B068ED-F494-42E9-A231-DA0B2E46BB41): 30
LogDevObjectVersion:   Dev-Framework (CFFC743F-43B0-4480-9391-14DF171D2073): 35
LogDevObjectVersion:   Dev-Mobile (B02B49B5-BB20-44E9-A304-32B752E40360): 2
LogDevObjectVersion:   Dev-Networking (A4E4105C-59A1-49B5-A7C5-40C4547EDFEE): 0
LogDevObjectVersion:   Dev-Online (39C831C9-5AE6-47DC-9A44-9C173E1C8E7C): 0
LogDevObjectVersion:   Dev-Physics (78F01B33-EBEA-4F98-B9B4-84EACCB95AA2): 0
LogDevObjectVersion:   Dev-Platform (6631380F-2D4D-43E0-8009-CF276956A95A): 0
LogDevObjectVersion:   Dev-Rendering (12F88B9F-8875-4AFC-A67C-D90C383ABD29): 28
LogDevObjectVersion:   Dev-Sequencer (7B5AE74C-D270-4C10-A958-57980B212A5A): 11
LogDevObjectVersion:   Dev-VR (D7296918-1DD6-4BDD-9DE2-64A83CC13884): 2
LogDevObjectVersion:   Dev-LoadTimes (C2A15278-BFE7-4AFE-6C17-90FF531DF755): 1
LogDevObjectVersion:   Private-Geometry (6EACA3D4-40EC-4CC1-B786-8BED09428FC5): 3
LogDevObjectVersion:   Dev-AnimPhys (29E575DD-E0A3-4627-9D10-D276232CDCEA): 17
LogDevObjectVersion:   Dev-Anim (AF43A65D-7FD3-4947-9873-3E8ED9C1BB05): 2
LogDevObjectVersion:   Dev-ReflectionCapture (6B266CEC-1EC7-4B8F-A30B-E4D90942FC07): 1
LogDevObjectVersion:   Dev-Automation (0DF73D61-A23F-47EA-B727-89E90C41499A): 1
LogDevObjectVersion:   FortniteMain (601D1886-AC64-4F84-AA16-D3DE0DEAC7D6): 25
LogDevObjectVersion:   Dev-Enterprise (9DFFBCD6-494F-0158-E221-12823C92A888): 6
LogDevObjectVersion:   Dev-Niagara (F2AED0AC-9AFE-416F-8664-AA7FFA26D6FC): 1
LogDevObjectVersion:   Dev-Destruction (174F1F0B-B4C6-45A5-B13F-2EE8D0FB917D): 2
LogInit: Presizing for max 16777216 objects, including 0 objects not considered by GC, pre-allocating 0 bytes for permanent pool.
LogInit: Object subsystem initialized
LogConfig: Setting CVar [[con.DebugEarlyDefault:1]]
LogConfig: Setting CVar [[r.setres:1280x720]]
[2020.10.10-05.09.27:176][  0]LogConfig: Setting CVar [[r.VSync:0]]
[2020.10.10-05.09.27:176][  0]LogConfig: Setting CVar [[r.RHICmdBypass:0]]
[2020.10.10-05.09.27:176][  0]LogConfig: Applying CVar settings from Section [/Script/Engine.RendererSettings] File [C:/Users/Max/Desktop/Gameplay Workshop/Gameplay-Workshop/Gameplay_Workshop/Saved/Config/Windows/Engine.ini]
[2020.10.10-05.09.27:176][  0]LogConfig: Setting CVar [[r.GPUCrashDebugging:0]]
[2020.10.10-05.09.27:176][  0]LogConfig: Setting CVar [[r.DefaultFeature.AutoExposure.ExtendDefaultLuminanceRange:1]]
[2020.10.10-05.09.27:176][  0]LogConfig: Applying CVar settings from Section [/Script/Engine.RendererOverrideSettings] File [C:/Users/Max/Desktop/Gameplay Workshop/Gameplay-Workshop/Gameplay_Workshop/Saved/Config/Windows/Engine.ini]
[2020.10.10-05.09.27:176][  0]LogConfig: Applying CVar settings from Section [/Script/Engine.StreamingSettings] File [C:/Users/Max/Desktop/Gameplay Workshop/Gameplay-Workshop/Gameplay_Workshop/Saved/Config/Windows/Engine.ini]
[2020.10.10-05.09.27:176][  0]LogConfig: Setting CVar [[s.MinBulkDataSizeForAsyncLoading:131072]]
[2020.10.10-05.09.27:176][  0]LogConfig: Setting CVar [[s.AsyncLoadingThreadEnabled:0]]
[2020.10.10-05.09.27:176][  0]LogConfig: Setting CVar [[s.EventDrivenLoaderEnabled:1]]
[2020.10.10-05.09.27:176][  0]LogConfig: Setting CVar [[s.WarnIfTimeLimitExceeded:0]]
[2020.10.10-05.09.27:176][  0]LogConfig: Setting CVar [[s.TimeLimitExceededMultiplier:1.5]]
[2020.10.10-05.09.27:176][  0]LogConfig: Setting CVar [[s.TimeLimitExceededMinTime:0.005]]
[2020.10.10-05.09.27:176][  0]LogConfig: Setting CVar [[s.UseBackgroundLevelStreaming:1]]
[2020.10.10-05.09.27:176][  0]LogConfig: Setting CVar [[s.PriorityAsyncLoadingExtraTime:15.0]]
[2020.10.10-05.09.27:176][  0]LogConfig: Setting CVar [[s.LevelStreamingActorsUpdateTimeLimit:5.0]]
[2020.10.10-05.09.27:176][  0]LogConfig: Setting CVar [[s.PriorityLevelStreamingActorsUpdateExtraTime:5.0]]
[2020.10.10-05.09.27:176][  0]LogConfig: Setting CVar [[s.LevelStreamingComponentsRegistrationGranularity:10]]
[2020.10.10-05.09.27:176][  0]LogConfig: Setting CVar [[s.UnregisterComponentsTimeLimit:1.0]]
[2020.10.10-05.09.27:176][  0]LogConfig: Setting CVar [[s.LevelStreamingComponentsUnregistrationGranularity:5]]
[2020.10.10-05.09.27:176][  0]LogConfig: Applying CVar settings from Section [/Script/Engine.GarbageCollectionSettings] File [C:/Users/Max/Desktop/Gameplay Workshop/Gameplay-Workshop/Gameplay_Workshop/Saved/Config/Windows/Engine.ini]
[2020.10.10-05.09.27:176][  0]LogConfig: Setting CVar [[gc.MaxObjectsNotConsideredByGC:1]]
[2020.10.10-05.09.27:176][  0]LogConfig: Setting CVar [[gc.SizeOfPermanentObjectPool:0]]
[2020.10.10-05.09.27:176][  0]LogConfig: Setting CVar [[gc.FlushStreamingOnGC:0]]
[2020.10.10-05.09.27:176][  0]LogConfig: Setting CVar [[gc.NumRetriesBeforeForcingGC:10]]
[2020.10.10-05.09.27:176][  0]LogConfig: Setting CVar [[gc.AllowParallelGC:1]]
[2020.10.10-05.09.27:176][  0]LogConfig: Setting CVar [[gc.TimeBetweenPurgingPendingKillObjects:61.1]]
[2020.10.10-05.09.27:176][  0]LogConfig: Setting CVar [[gc.MaxObjectsInEditor:16777216]]
[2020.10.10-05.09.27:176][  0]LogConfig: Setting CVar [[gc.IncrementalBeginDestroyEnabled:1]]
[2020.10.10-05.09.27:176][  0]LogConfig: Setting CVar [[gc.CreateGCClusters:1]]
[2020.10.10-05.09.27:176][  0]LogConfig: Setting CVar [[gc.MinGCClusterSize:5]]
[2020.10.10-05.09.27:176][  0]LogConfig: Setting CVar [[gc.ActorClusteringEnabled:0]]
[2020.10.10-05.09.27:176][  0]LogConfig: Setting CVar [[gc.BlueprintClusteringEnabled:0]]
[2020.10.10-05.09.27:176][  0]LogConfig: Setting CVar [[gc.UseDisregardForGCOnDedicatedServers:0]]
[2020.10.10-05.09.27:176][  0]LogConfig: Applying CVar settings from Section [/Script/Engine.NetworkSettings] File [C:/Users/Max/Desktop/Gameplay Workshop/Gameplay-Workshop/Gameplay_Workshop/Saved/Config/Windows/Engine.ini]
[2020.10.10-05.09.27:176][  0]LogConfig: Applying CVar settings from Section [/Script/UnrealEd.CookerSettings] File [C:/Users/Max/Desktop/Gameplay Workshop/Gameplay-Workshop/Gameplay_Workshop/Saved/Config/Windows/Engine.ini]
[2020.10.10-05.09.27:183][  0]LogConfig: Applying CVar settings from Section [ViewDistanceQuality@3] File [C:/Users/Max/Desktop/Gameplay Workshop/Gameplay-Workshop/Gameplay_Workshop/Saved/Config/Windows/Scalability.ini]
[2020.10.10-05.09.27:183][  0]LogConfig: Setting CVar [[r.SkeletalMeshLODBias:0]]
[2020.10.10-05.09.27:183][  0]LogConfig: Setting CVar [[r.ViewDistanceScale:1.0]]
[2020.10.10-05.09.27:183][  0]LogConfig: Applying CVar settings from Section [AntiAliasingQuality@3] File [C:/Users/Max/Desktop/Gameplay Workshop/Gameplay-Workshop/Gameplay_Workshop/Saved/Config/Windows/Scalability.ini]
[2020.10.10-05.09.27:183][  0]LogConfig: Setting CVar [[r.PostProcessAAQuality:4]]
[2020.10.10-05.09.27:183][  0]LogConfig: Applying CVar settings from Section [ShadowQuality@3] File [C:/Users/Max/Desktop/Gameplay Workshop/Gameplay-Workshop/Gameplay_Workshop/Saved/Config/Windows/Scalability.ini]
[2020.10.10-05.09.27:183][  0]LogConfig: Setting CVar [[r.LightFunctionQuality:1]]
[2020.10.10-05.09.27:183][  0]LogConfig: Setting CVar [[r.ShadowQuality:5]]
[2020.10.10-05.09.27:183][  0]LogConfig: Setting CVar [[r.Shadow.CSM.MaxCascades:10]]
[2020.10.10-05.09.27:183][  0]LogConfig: Setting CVar [[r.Shadow.MaxResolution:2048]]
[2020.10.10-05.09.27:183][  0]LogConfig: Setting CVar [[r.Shadow.MaxCSMResolution:2048]]
[2020.10.10-05.09.27:183][  0]LogConfig: Setting CVar [[r.Shadow.RadiusThreshold:0.01]]
[2020.10.10-05.09.27:183][  0]LogConfig: Setting CVar [[r.Shadow.DistanceScale:1.0]]
[2020.10.10-05.09.27:183][  0]LogConfig: Setting CVar [[r.Shadow.CSM.TransitionScale:1.0]]
[2020.10.10-05.09.27:183][  0]LogConfig: Setting CVar [[r.Shadow.PreShadowResolutionFactor:1.0]]
[2020.10.10-05.09.27:183][  0]LogConfig: Setting CVar [[r.DistanceFieldShadowing:1]]
[2020.10.10-05.09.27:183][  0]LogConfig: Setting CVar [[r.DistanceFieldAO:1]]
[2020.10.10-05.09.27:183][  0]LogConfig: Setting CVar [[r.AOQuality:2]]
[2020.10.10-05.09.27:183][  0]LogConfig: Setting CVar [[r.VolumetricFog:1]]
[2020.10.10-05.09.27:183][  0]LogConfig: Setting CVar [[r.VolumetricFog.GridPixelSize:8]]
[2020.10.10-05.09.27:183][  0]LogConfig: Setting CVar [[r.VolumetricFog.GridSizeZ:128]]
[2020.10.10-05.09.27:183][  0]LogConfig: Setting CVar [[r.VolumetricFog.HistoryMissSupersampleCount:4]]
[2020.10.10-05.09.27:183][  0]LogConfig: Setting CVar [[r.LightMaxDrawDistanceScale:1]]
[2020.10.10-05.09.27:183][  0]LogConfig: Setting CVar [[r.CapsuleShadows:1]]
[2020.10.10-05.09.27:183][  0]LogConfig: Applying CVar settings from Section [PostProcessQuality@3] File [C:/Users/Max/Desktop/Gameplay Workshop/Gameplay-Workshop/Gameplay_Workshop/Saved/Config/Windows/Scalability.ini]
[2020.10.10-05.09.27:183][  0]LogConfig: Setting CVar [[r.MotionBlurQuality:4]]
[2020.10.10-05.09.27:183][  0]LogConfig: Setting CVar [[r.AmbientOcclusionMipLevelFactor:0.4]]
[2020.10.10-05.09.27:183][  0]LogConfig: Setting CVar [[r.AmbientOcclusionMaxQuality:100]]
[2020.10.10-05.09.27:183][  0]LogConfig: Setting CVar [[r.AmbientOcclusionLevels:-1]]
[2020.10.10-05.09.27:183][  0]LogConfig: Setting CVar [[r.AmbientOcclusionRadiusScale:1.0]]
[2020.10.10-05.09.27:183][  0]LogConfig: Setting CVar [[r.DepthOfFieldQuality:2]]
[2020.10.10-05.09.27:183][  0]LogConfig: Setting CVar [[r.RenderTargetPoolMin:400]]
[2020.10.10-05.09.27:183][  0]LogConfig: Setting CVar [[r.LensFlareQuality:2]]
[2020.10.10-05.09.27:183][  0]LogConfig: Setting CVar [[r.SceneColorFringeQuality:1]]
[2020.10.10-05.09.27:183][  0]LogConfig: Setting CVar [[r.EyeAdaptationQuality:2]]
[2020.10.10-05.09.27:183][  0]LogConfig: Setting CVar [[r.BloomQuality:5]]
[2020.10.10-05.09.27:183][  0]LogConfig: Setting CVar [[r.FastBlurThreshold:100]]
[2020.10.10-05.09.27:183][  0]LogConfig: Setting CVar [[r.Upscale.Quality:3]]
[2020.10.10-05.09.27:183][  0]LogConfig: Setting CVar [[r.Tonemapper.GrainQuantization:1]]
[2020.10.10-05.09.27:183][  0]LogConfig: Setting CVar [[r.LightShaftQuality:1]]
[2020.10.10-05.09.27:183][  0]LogConfig: Setting CVar [[r.Filter.SizeScale:1]]
[2020.10.10-05.09.27:183][  0]LogConfig: Setting CVar [[r.Tonemapper.Quality:5]]
[2020.10.10-05.09.27:183][  0]LogConfig: Setting CVar [[r.DOF.Gather.AccumulatorQuality:1        ; higher gathering accumulator quality]]
[2020.10.10-05.09.27:183][  0]LogConfig: Setting CVar [[r.DOF.Gather.PostfilterMethod:1          ; Median3x3 postfilering method]]
[2020.10.10-05.09.27:183][  0]LogConfig: Setting CVar [[r.DOF.Gather.EnableBokehSettings:0       ; no bokeh simulation when gathering]]
[2020.10.10-05.09.27:183][  0]LogConfig: Setting CVar [[r.DOF.Gather.RingCount:4                 ; medium number of samples when gathering]]
[2020.10.10-05.09.27:183][  0]LogConfig: Setting CVar [[r.DOF.Scatter.ForegroundCompositing:1    ; additive foreground scattering]]
[2020.10.10-05.09.27:183][  0]LogConfig: Setting CVar [[r.DOF.Scatter.BackgroundCompositing:2    ; additive background scattering]]
[2020.10.10-05.09.27:183][  0]LogConfig: Setting CVar [[r.DOF.Scatter.EnableBokehSettings:1      ; bokeh simulation when scattering]]
[2020.10.10-05.09.27:183][  0]LogConfig: Setting CVar [[r.DOF.Scatter.MaxSpriteRatio:0.1         ; only a maximum of 10% of scattered bokeh]]
[2020.10.10-05.09.27:183][  0]LogConfig: Setting CVar [[r.DOF.Recombine.Quality:1                ; cheap slight out of focus]]
[2020.10.10-05.09.27:183][  0]LogConfig: Setting CVar [[r.DOF.Recombine.EnableBokehSettings:0    ; no bokeh simulation on slight out of focus]]
[2020.10.10-05.09.27:183][  0]LogConfig: Setting CVar [[r.DOF.TemporalAAQuality:1                ; more stable temporal accumulation]]
[2020.10.10-05.09.27:183][  0]LogConfig: Setting CVar [[r.DOF.Kernel.MaxForegroundRadius:0.025]]
[2020.10.10-05.09.27:183][  0]LogConfig: Setting CVar [[r.DOF.Kernel.MaxBackgroundRadius:0.025]]
[2020.10.10-05.09.27:183][  0]LogConfig: Applying CVar settings from Section [TextureQuality@3] File [C:/Users/Max/Desktop/Gameplay Workshop/Gameplay-Workshop/Gameplay_Workshop/Saved/Config/Windows/Scalability.ini]
[2020.10.10-05.09.27:183][  0]LogConfig: Setting CVar [[r.Streaming.MipBias:0]]
[2020.10.10-05.09.27:183][  0]LogConfig: Setting CVar [[r.Streaming.AmortizeCPUToGPUCopy:0]]
[2020.10.10-05.09.27:183][  0]LogConfig: Setting CVar [[r.Streaming.MaxNumTexturesToStreamPerFrame:0]]
[2020.10.10-05.09.27:183][  0]LogConfig: Setting CVar [[r.Streaming.Boost:1]]
[2020.10.10-05.09.27:183][  0]LogConfig: Setting CVar [[r.MaxAnisotropy:8]]
[2020.10.10-05.09.27:183][  0]LogConfig: Setting CVar [[r.Streaming.LimitPoolSizeToVRAM:0]]
[2020.10.10-05.09.27:183][  0]LogConfig: Setting CVar [[r.Streaming.PoolSize:1000]]
[2020.10.10-05.09.27:183][  0]LogConfig: Setting CVar [[r.Streaming.MaxEffectiveScreenSize:0]]
[2020.10.10-05.09.27:183][  0]LogConfig: Applying CVar settings from Section [EffectsQuality@3] File [C:/Users/Max/Desktop/Gameplay Workshop/Gameplay-Workshop/Gameplay_Workshop/Saved/Config/Windows/Scalability.ini]
[2020.10.10-05.09.27:184][  0]LogConfig: Setting CVar [[r.TranslucencyLightingVolumeDim:64]]
[2020.10.10-05.09.27:184][  0]LogConfig: Setting CVar [[r.RefractionQuality:2]]
[2020.10.10-05.09.27:184][  0]LogConfig: Setting CVar [[r.SSR.Quality:3]]
[2020.10.10-05.09.27:184][  0]LogConfig: Setting CVar [[r.SceneColorFormat:4]]
[2020.10.10-05.09.27:184][  0]LogConfig: Setting CVar [[r.DetailMode:2]]
[2020.10.10-05.09.27:184][  0]LogConfig: Setting CVar [[r.TranslucencyVolumeBlur:1]]
[2020.10.10-05.09.27:184][  0]LogConfig: Setting CVar [[r.MaterialQualityLevel:1 ; High quality]]
[2020.10.10-05.09.27:184][  0]LogConfig: Setting CVar [[r.SSS.Scale:1]]
[2020.10.10-05.09.27:184][  0]LogConfig: Setting CVar [[r.SSS.SampleSet:2]]
[2020.10.10-05.09.27:184][  0]LogConfig: Setting CVar [[r.SSS.Quality:1]]
[2020.10.10-05.09.27:184][  0]LogConfig: Setting CVar [[r.SSS.HalfRes:1]]
[2020.10.10-05.09.27:184][  0]LogConfig: Setting CVar [[r.EmitterSpawnRateScale:1.0]]
[2020.10.10-05.09.27:184][  0]LogConfig: Setting CVar [[r.ParticleLightQuality:2]]
[2020.10.10-05.09.27:184][  0]LogConfig: Applying CVar settings from Section [FoliageQuality@3] File [C:/Users/Max/Desktop/Gameplay Workshop/Gameplay-Workshop/Gameplay_Workshop/Saved/Config/Windows/Scalability.ini]
[2020.10.10-05.09.27:184][  0]LogConfig: Setting CVar [[foliage.DensityScale:1.0]]
[2020.10.10-05.09.27:184][  0]LogConfig: Setting CVar [[grass.DensityScale:1.0]]
[2020.10.10-05.09.27:184][  0]LogInit: Selected Device Profile: [Windows]
[2020.10.10-05.09.27:184][  0]LogInit: Applying CVar settings loaded from the selected device profile: [Windows]
[2020.10.10-05.09.27:205][  0]LogHAL: Display: Platform has ~ 16 GB [17055113216 / 17179869184 / 16], which maps to Larger [LargestMinGB=32, LargerMinGB=12, DefaultMinGB=8, SmallerMinGB=6, SmallestMinGB=0)
[2020.10.10-05.09.27:205][  0]LogConfig: Setting CVar [[r.Vulkan.UseRealUBs:0		; Required until we fix HLR fall-out]]
[2020.10.10-05.09.27:206][  0]LogInit: Going up to parent DeviceProfile []
[2020.10.10-05.09.27:206][  0]LogConfig: Applying CVar settings from Section [ViewDistanceQuality@3] File [C:/Users/Max/Desktop/Gameplay Workshop/Gameplay-Workshop/Gameplay_Workshop/Saved/Config/Windows/Scalability.ini]
[2020.10.10-05.09.27:206][  0]LogConfig: Setting CVar [[r.SkeletalMeshLODBias:0]]
[2020.10.10-05.09.27:206][  0]LogConfig: Setting CVar [[r.ViewDistanceScale:1.0]]
[2020.10.10-05.09.27:206][  0]LogConfig: Applying CVar settings from Section [AntiAliasingQuality@3] File [C:/Users/Max/Desktop/Gameplay Workshop/Gameplay-Workshop/Gameplay_Workshop/Saved/Config/Windows/Scalability.ini]
[2020.10.10-05.09.27:206][  0]LogConfig: Setting CVar [[r.PostProcessAAQuality:4]]
[2020.10.10-05.09.27:206][  0]LogConfig: Applying CVar settings from Section [ShadowQuality@3] File [C:/Users/Max/Desktop/Gameplay Workshop/Gameplay-Workshop/Gameplay_Workshop/Saved/Config/Windows/Scalability.ini]
[2020.10.10-05.09.27:206][  0]LogConfig: Setting CVar [[r.LightFunctionQuality:1]]
[2020.10.10-05.09.27:206][  0]LogConfig: Setting CVar [[r.ShadowQuality:5]]
[2020.10.10-05.09.27:206][  0]LogConfig: Setting CVar [[r.Shadow.CSM.MaxCascades:10]]
[2020.10.10-05.09.27:206][  0]LogConfig: Setting CVar [[r.Shadow.MaxResolution:2048]]
[2020.10.10-05.09.27:206][  0]LogConfig: Setting CVar [[r.Shadow.MaxCSMResolution:2048]]
[2020.10.10-05.09.27:206][  0]LogConfig: Setting CVar [[r.Shadow.RadiusThreshold:0.01]]
[2020.10.10-05.09.27:206][  0]LogConfig: Setting CVar [[r.Shadow.DistanceScale:1.0]]
[2020.10.10-05.09.27:206][  0]LogConfig: Setting CVar [[r.Shadow.CSM.TransitionScale:1.0]]
[2020.10.10-05.09.27:206][  0]LogConfig: Setting CVar [[r.Shadow.PreShadowResolutionFactor:1.0]]
[2020.10.10-05.09.27:206][  0]LogConfig: Setting CVar [[r.DistanceFieldShadowing:1]]
[2020.10.10-05.09.27:206][  0]LogConfig: Setting CVar [[r.DistanceFieldAO:1]]
[2020.10.10-05.09.27:206][  0]LogConfig: Setting CVar [[r.AOQuality:2]]
[2020.10.10-05.09.27:206][  0]LogConfig: Setting CVar [[r.VolumetricFog:1]]
[2020.10.10-05.09.27:206][  0]LogConfig: Setting CVar [[r.VolumetricFog.GridPixelSize:8]]
[2020.10.10-05.09.27:206][  0]LogConfig: Setting CVar [[r.VolumetricFog.GridSizeZ:128]]
[2020.10.10-05.09.27:206][  0]LogConfig: Setting CVar [[r.VolumetricFog.HistoryMissSupersampleCount:4]]
[2020.10.10-05.09.27:206][  0]LogConfig: Setting CVar [[r.LightMaxDrawDistanceScale:1]]
[2020.10.10-05.09.27:206][  0]LogConfig: Setting CVar [[r.CapsuleShadows:1]]
[2020.10.10-05.09.27:207][  0]LogConfig: Applying CVar settings from Section [PostProcessQuality@3] File [C:/Users/Max/Desktop/Gameplay Workshop/Gameplay-Workshop/Gameplay_Workshop/Saved/Config/Windows/Scalability.ini]
[2020.10.10-05.09.27:207][  0]LogConfig: Setting CVar [[r.MotionBlurQuality:4]]
[2020.10.10-05.09.27:207][  0]LogConfig: Setting CVar [[r.AmbientOcclusionMipLevelFactor:0.4]]
[2020.10.10-05.09.27:207][  0]LogConfig: Setting CVar [[r.AmbientOcclusionMaxQuality:100]]
[2020.10.10-05.09.27:207][  0]LogConfig: Setting CVar [[r.AmbientOcclusionLevels:-1]]
[2020.10.10-05.09.27:207][  0]LogConfig: Setting CVar [[r.AmbientOcclusionRadiusScale:1.0]]
[2020.10.10-05.09.27:207][  0]LogConfig: Setting CVar [[r.DepthOfFieldQuality:2]]
[2020.10.10-05.09.27:207][  0]LogConfig: Setting CVar [[r.RenderTargetPoolMin:400]]
[2020.10.10-05.09.27:207][  0]LogConfig: Setting CVar [[r.LensFlareQuality:2]]
[2020.10.10-05.09.27:207][  0]LogConfig: Setting CVar [[r.SceneColorFringeQuality:1]]
[2020.10.10-05.09.27:207][  0]LogConfig: Setting CVar [[r.EyeAdaptationQuality:2]]
[2020.10.10-05.09.27:207][  0]LogConfig: Setting CVar [[r.BloomQuality:5]]
[2020.10.10-05.09.27:207][  0]LogConfig: Setting CVar [[r.FastBlurThreshold:100]]
[2020.10.10-05.09.27:207][  0]LogConfig: Setting CVar [[r.Upscale.Quality:3]]
[2020.10.10-05.09.27:207][  0]LogConfig: Setting CVar [[r.Tonemapper.GrainQuantization:1]]
[2020.10.10-05.09.27:207][  0]LogConfig: Setting CVar [[r.LightShaftQuality:1]]
[2020.10.10-05.09.27:207][  0]LogConfig: Setting CVar [[r.Filter.SizeScale:1]]
[2020.10.10-05.09.27:207][  0]LogConfig: Setting CVar [[r.Tonemapper.Quality:5]]
[2020.10.10-05.09.27:207][  0]LogConfig: Setting CVar [[r.DOF.Gather.AccumulatorQuality:1        ; higher gathering accumulator quality]]
[2020.10.10-05.09.27:207][  0]LogConfig: Setting CVar [[r.DOF.Gather.PostfilterMethod:1          ; Median3x3 postfilering method]]
[2020.10.10-05.09.27:207][  0]LogConfig: Setting CVar [[r.DOF.Gather.EnableBokehSettings:0       ; no bokeh simulation when gathering]]
[2020.10.10-05.09.27:207][  0]LogConfig: Setting CVar [[r.DOF.Gather.RingCount:4                 ; medium number of samples when gathering]]
[2020.10.10-05.09.27:207][  0]LogConfig: Setting CVar [[r.DOF.Scatter.ForegroundCompositing:1    ; additive foreground scattering]]
[2020.10.10-05.09.27:207][  0]LogConfig: Setting CVar [[r.DOF.Scatter.BackgroundCompositing:2    ; additive background scattering]]
[2020.10.10-05.09.27:207][  0]LogConfig: Setting CVar [[r.DOF.Scatter.EnableBokehSettings:1      ; bokeh simulation when scattering]]
[2020.10.10-05.09.27:207][  0]LogConfig: Setting CVar [[r.DOF.Scatter.MaxSpriteRatio:0.1         ; only a maximum of 10% of scattered bokeh]]
[2020.10.10-05.09.27:207][  0]LogConfig: Setting CVar [[r.DOF.Recombine.Quality:1                ; cheap slight out of focus]]
[2020.10.10-05.09.27:207][  0]LogConfig: Setting CVar [[r.DOF.Recombine.EnableBokehSettings:0    ; no bokeh simulation on slight out of focus]]
[2020.10.10-05.09.27:207][  0]LogConfig: Setting CVar [[r.DOF.TemporalAAQuality:1                ; more stable temporal accumulation]]
[2020.10.10-05.09.27:207][  0]LogConfig: Setting CVar [[r.DOF.Kernel.MaxForegroundRadius:0.025]]
[2020.10.10-05.09.27:207][  0]LogConfig: Setting CVar [[r.DOF.Kernel.MaxBackgroundRadius:0.025]]
[2020.10.10-05.09.27:207][  0]LogConfig: Applying CVar settings from Section [TextureQuality@3] File [C:/Users/Max/Desktop/Gameplay Workshop/Gameplay-Workshop/Gameplay_Workshop/Saved/Config/Windows/Scalability.ini]
[2020.10.10-05.09.27:207][  0]LogConfig: Setting CVar [[r.Streaming.MipBias:0]]
[2020.10.10-05.09.27:207][  0]LogConfig: Setting CVar [[r.Streaming.AmortizeCPUToGPUCopy:0]]
[2020.10.10-05.09.27:207][  0]LogConfig: Setting CVar [[r.Streaming.MaxNumTexturesToStreamPerFrame:0]]
[2020.10.10-05.09.27:207][  0]LogConfig: Setting CVar [[r.Streaming.Boost:1]]
[2020.10.10-05.09.27:207][  0]LogConfig: Setting CVar [[r.MaxAnisotropy:8]]
[2020.10.10-05.09.27:208][  0]LogConfig: Setting CVar [[r.Streaming.LimitPoolSizeToVRAM:0]]
[2020.10.10-05.09.27:208][  0]LogConfig: Setting CVar [[r.Streaming.PoolSize:1000]]
[2020.10.10-05.09.27:208][  0]LogConfig: Setting CVar [[r.Streaming.MaxEffectiveScreenSize:0]]
[2020.10.10-05.09.27:208][  0]LogConfig: Applying CVar settings from Section [EffectsQuality@3] File [C:/Users/Max/Desktop/Gameplay Workshop/Gameplay-Workshop/Gameplay_Workshop/Saved/Config/Windows/Scalability.ini]
[2020.10.10-05.09.27:208][  0]LogConfig: Setting CVar [[r.TranslucencyLightingVolumeDim:64]]
[2020.10.10-05.09.27:208][  0]LogConfig: Setting CVar [[r.RefractionQuality:2]]
[2020.10.10-05.09.27:208][  0]LogConfig: Setting CVar [[r.SSR.Quality:3]]
[2020.10.10-05.09.27:208][  0]LogConfig: Setting CVar [[r.SceneColorFormat:4]]
[2020.10.10-05.09.27:208][  0]LogConfig: Setting CVar [[r.DetailMode:2]]
[2020.10.10-05.09.27:208][  0]LogConfig: Setting CVar [[r.TranslucencyVolumeBlur:1]]
[2020.10.10-05.09.27:208][  0]LogConfig: Setting CVar [[r.MaterialQualityLevel:1 ; High quality]]
[2020.10.10-05.09.27:208][  0]LogConfig: Setting CVar [[r.SSS.Scale:1]]
[2020.10.10-05.09.27:208][  0]LogConfig: Setting CVar [[r.SSS.SampleSet:2]]
[2020.10.10-05.09.27:208][  0]LogConfig: Setting CVar [[r.SSS.Quality:1]]
[2020.10.10-05.09.27:208][  0]LogConfig: Setting CVar [[r.SSS.HalfRes:1]]
[2020.10.10-05.09.27:208][  0]LogConfig: Setting CVar [[r.EmitterSpawnRateScale:1.0]]
[2020.10.10-05.09.27:208][  0]LogConfig: Setting CVar [[r.ParticleLightQuality:2]]
[2020.10.10-05.09.27:208][  0]LogConfig: Applying CVar settings from Section [FoliageQuality@3] File [C:/Users/Max/Desktop/Gameplay Workshop/Gameplay-Workshop/Gameplay_Workshop/Saved/Config/Windows/Scalability.ini]
[2020.10.10-05.09.27:208][  0]LogConfig: Setting CVar [[foliage.DensityScale:1.0]]
[2020.10.10-05.09.27:208][  0]LogConfig: Setting CVar [[grass.DensityScale:1.0]]
[2020.10.10-05.09.27:208][  0]LogConfig: Applying CVar settings from Section [Startup] File [../../../Engine/Config/ConsoleVariables.ini]
[2020.10.10-05.09.27:208][  0]LogConfig: Setting CVar [[net.UseAdaptiveNetUpdateFrequency:0]]
[2020.10.10-05.09.27:208][  0]LogConfig: Setting CVar [[p.chaos.AllowCreatePhysxBodies:1]]
[2020.10.10-05.09.27:208][  0]LogConfig: Applying CVar settings from Section [ConsoleVariables] File [C:/Users/Max/Desktop/Gameplay Workshop/Gameplay-Workshop/Gameplay_Workshop/Saved/Config/Windows/Engine.ini]
[2020.10.10-05.09.27:209][  0]LogInit: Computer: MAX
[2020.10.10-05.09.27:209][  0]LogInit: User: Max
[2020.10.10-05.09.27:209][  0]LogInit: CPU Page size=4096, Cores=4
[2020.10.10-05.09.27:209][  0]LogInit: High frequency timer resolution =10.000000 MHz
[2020.10.10-05.09.27:209][  0]LogMemory: Memory total: Physical=15.9GB (16GB approx)
[2020.10.10-05.09.27:209][  0]LogMemory: Platform Memory Stats for Windows
[2020.10.10-05.09.27:209][  0]LogMemory: Process Physical Memory: 97.49 MB used, 97.50 MB peak
[2020.10.10-05.09.27:209][  0]LogMemory: Process Virtual Memory: 88.91 MB used, 88.91 MB peak
[2020.10.10-05.09.27:209][  0]LogMemory: Physical Memory: 5656.19 MB used,  10608.83 MB free, 16265.02 MB total
[2020.10.10-05.09.27:209][  0]LogMemory: Virtual Memory: 4642.54 MB used,  134213088.00 MB free, 134217728.00 MB total
[2020.10.10-05.09.27:250][  0]LogInit: Using OS detected language (en-US).
[2020.10.10-05.09.27:250][  0]LogInit: Using OS detected locale (en-US).
[2020.10.10-05.09.27:251][  0]LogTextLocalizationManager: No specific localization for 'en-US' exists, so the 'en' localization will be used.
[2020.10.10-05.09.27:457][  0]LogInit: Setting process to per monitor DPI aware
[2020.10.10-05.09.27:508][  0]LogSlate: New Slate User Created.  User Index 0, Is Virtual User: 0
[2020.10.10-05.09.27:508][  0]LogSlate: Slate User Registered.  User Index 0, Is Virtual User: 0
[2020.10.10-05.09.27:790][  0]LogHMD: Failed to initialize OpenVR with code 110
[2020.10.10-05.09.27:790][  0]LogD3D11RHI: D3D11 adapters:
[2020.10.10-05.09.27:873][  0]LogD3D11RHI:    0. 'NVIDIA GeForce GTX 765M' (Feature Level 11_0)
[2020.10.10-05.09.27:873][  0]LogD3D11RHI:       2007/0/8132 MB DedicatedVideo/DedicatedSystem/SharedSystem, Outputs:2, VendorId:0x10de
[2020.10.10-05.09.27:880][  0]LogD3D11RHI:    1. 'Intel(R) HD Graphics 4600' (Feature Level 11_0)
[2020.10.10-05.09.27:880][  0]LogD3D11RHI:       112/0/2048 MB DedicatedVideo/DedicatedSystem/SharedSystem, Outputs:0, VendorId:0x8086
[2020.10.10-05.09.27:883][  0]LogD3D11RHI:    2. 'Microsoft Basic Render Driver' (Feature Level 11_0)
[2020.10.10-05.09.27:883][  0]LogD3D11RHI:       0/0/8132 MB DedicatedVideo/DedicatedSystem/SharedSystem, Outputs:0, VendorId:0x1414
[2020.10.10-05.09.27:883][  0]LogD3D11RHI: Chosen D3D11 Adapter: 0
[2020.10.10-05.09.27:916][  0]LogD3D11RHI: Creating new Direct3DDevice
[2020.10.10-05.09.27:916][  0]LogD3D11RHI:     GPU DeviceId: 0x11e2 (for the marketing name, search the web for "GPU Device Id")
[2020.10.10-05.09.27:916][  0]LogWindows: EnumDisplayDevices:
[2020.10.10-05.09.27:917][  0]LogWindows:    0. 'Intel(R) HD Graphics 4600' (P:0 D:1)
[2020.10.10-05.09.27:917][  0]LogWindows:    1. 'Intel(R) HD Graphics 4600' (P:1 D:1)
[2020.10.10-05.09.27:917][  0]LogWindows:    2. 'Intel(R) HD Graphics 4600' (P:0 D:0)
[2020.10.10-05.09.27:918][  0]LogWindows:    3. 'NVIDIA GeForce GTX 765M' (P:0 D:0)
[2020.10.10-05.09.27:918][  0]LogWindows:    4. 'NVIDIA GeForce GTX 765M' (P:0 D:0)
[2020.10.10-05.09.27:919][  0]LogWindows:    5. 'NVIDIA GeForce GTX 765M' (P:0 D:0)
[2020.10.10-05.09.27:919][  0]LogWindows:    6. 'NVIDIA GeForce GTX 765M' (P:0 D:0)
[2020.10.10-05.09.27:919][  0]LogWindows: DebugString: PrimaryIsNotTheChoosenAdapter PrimaryIsNotTheChoosenAdapter PrimaryIsNotTheChoosenAdapter FoundDriverCount:4 
[2020.10.10-05.09.27:919][  0]LogD3D11RHI:     Adapter Name: NVIDIA GeForce GTX 765M
[2020.10.10-05.09.27:919][  0]LogD3D11RHI:   Driver Version: 425.31 (internal:25.21.14.2531, unified:425.31)
[2020.10.10-05.09.27:919][  0]LogD3D11RHI:      Driver Date: 4-9-2019
[2020.10.10-05.09.27:919][  0]LogRHI: Texture pool is 1405 MB (70% of 2007 MB)
[2020.10.10-05.09.27:981][  0]LogD3D11RHI: Async texture creation enabled
[2020.10.10-05.09.27:985][  0]LogRendererCore: FGlobalReadBuffer::InitRHI
[2020.10.10-05.09.27:985][  0]LogRendererCore: FGlobalReadBuffer::InitRHI
[2020.10.10-05.09.27:985][  0]LogRendererCore: FGlobalReadBuffer::InitRHI
[2020.10.10-05.09.28:000][  0]LogD3D11RHI: GPU Timing Frequency: 1000.000000 (Debug: 2 2)
[2020.10.10-05.09.28:315][  0]LogTemp: Display: Module 'AllDesktopTargetPlatform' loaded TargetPlatform 'AllDesktop'
[2020.10.10-05.09.28:332][  0]LogTemp: Display: Module 'MacClientTargetPlatform' loaded TargetPlatform 'MacClient'
[2020.10.10-05.09.28:348][  0]LogTemp: Display: Module 'MacNoEditorTargetPlatform' loaded TargetPlatform 'MacNoEditor'
[2020.10.10-05.09.28:368][  0]LogTemp: Display: Module 'MacServerTargetPlatform' loaded TargetPlatform 'MacServer'
[2020.10.10-05.09.28:390][  0]LogTemp: Display: Module 'MacTargetPlatform' loaded TargetPlatform 'Mac'
[2020.10.10-05.09.28:406][  0]LogTemp: Display: Module 'WindowsClientTargetPlatform' loaded TargetPlatform 'WindowsClient'
[2020.10.10-05.09.28:422][  0]LogTemp: Display: Module 'WindowsNoEditorTargetPlatform' loaded TargetPlatform 'WindowsNoEditor'
[2020.10.10-05.09.28:438][  0]LogTemp: Display: Module 'WindowsServerTargetPlatform' loaded TargetPlatform 'WindowsServer'
[2020.10.10-05.09.28:446][  0]LogTemp: Display: Module 'WindowsTargetPlatform' loaded TargetPlatform 'Windows'
[2020.10.10-05.09.28:543][  0]LogTemp: Display: Module 'AndroidTargetPlatform' loaded TargetPlatform 'Android'
[2020.10.10-05.09.28:543][  0]LogTemp: Display: Module 'AndroidTargetPlatform' loaded TargetPlatform 'Android_ASTC'
[2020.10.10-05.09.28:543][  0]LogTemp: Display: Module 'AndroidTargetPlatform' loaded TargetPlatform 'Android_ATC'
[2020.10.10-05.09.28:543][  0]LogTemp: Display: Module 'AndroidTargetPlatform' loaded TargetPlatform 'Android_DXT'
[2020.10.10-05.09.28:543][  0]LogTemp: Display: Module 'AndroidTargetPlatform' loaded TargetPlatform 'Android_ETC1'
[2020.10.10-05.09.28:543][  0]LogTemp: Display: Module 'AndroidTargetPlatform' loaded TargetPlatform 'Android_ETC1a'
[2020.10.10-05.09.28:543][  0]LogTemp: Display: Module 'AndroidTargetPlatform' loaded TargetPlatform 'Android_ETC2'
[2020.10.10-05.09.28:543][  0]LogTemp: Display: Module 'AndroidTargetPlatform' loaded TargetPlatform 'Android_PVRTC'
[2020.10.10-05.09.28:543][  0]LogTemp: Display: Module 'AndroidTargetPlatform' loaded TargetPlatform 'AndroidClient'
[2020.10.10-05.09.28:543][  0]LogTemp: Display: Module 'AndroidTargetPlatform' loaded TargetPlatform 'Android_ASTCClient'
[2020.10.10-05.09.28:543][  0]LogTemp: Display: Module 'AndroidTargetPlatform' loaded TargetPlatform 'Android_ATCClient'
[2020.10.10-05.09.28:544][  0]LogTemp: Display: Module 'AndroidTargetPlatform' loaded TargetPlatform 'Android_DXTClient'
[2020.10.10-05.09.28:544][  0]LogTemp: Display: Module 'AndroidTargetPlatform' loaded TargetPlatform 'Android_ETC1Client'
[2020.10.10-05.09.28:544][  0]LogTemp: Display: Module 'AndroidTargetPlatform' loaded TargetPlatform 'Android_ETC1aClient'
[2020.10.10-05.09.28:544][  0]LogTemp: Display: Module 'AndroidTargetPlatform' loaded TargetPlatform 'Android_ETC2Client'
[2020.10.10-05.09.28:544][  0]LogTemp: Display: Module 'AndroidTargetPlatform' loaded TargetPlatform 'Android_PVRTCClient'
[2020.10.10-05.09.28:544][  0]LogTemp: Display: Module 'AndroidTargetPlatform' loaded TargetPlatform 'Android_Multi'
[2020.10.10-05.09.28:544][  0]LogTemp: Display: Module 'AndroidTargetPlatform' loaded TargetPlatform 'Android_MultiClient'
[2020.10.10-05.09.28:546][  0]LogTemp: Display: Module 'HTML5TargetPlatform' loaded TargetPlatform 'HTML5'
[2020.10.10-05.09.28:600][  0]LogTemp: Display: Module 'IOSTargetPlatform' loaded TargetPlatform 'IOSClient'
[2020.10.10-05.09.28:600][  0]LogTemp: Display: Module 'IOSTargetPlatform' loaded TargetPlatform 'IOS'
[2020.10.10-05.09.28:628][  0]LogTemp: Display: Module 'TVOSTargetPlatform' loaded TargetPlatform 'TVOSClient'
[2020.10.10-05.09.28:628][  0]LogTemp: Display: Module 'TVOSTargetPlatform' loaded TargetPlatform 'TVOS'
[2020.10.10-05.09.28:642][  0]LogTemp: Display: Module 'LinuxClientTargetPlatform' loaded TargetPlatform 'LinuxClient'
[2020.10.10-05.09.28:656][  0]LogTemp: Display: Module 'LinuxNoEditorTargetPlatform' loaded TargetPlatform 'LinuxNoEditor'
[2020.10.10-05.09.28:670][  0]LogTemp: Display: Module 'LinuxServerTargetPlatform' loaded TargetPlatform 'LinuxServer'
[2020.10.10-05.09.28:685][  0]LogTemp: Display: Module 'LinuxTargetPlatform' loaded TargetPlatform 'Linux'
[2020.10.10-05.09.28:737][  0]LogTemp: Display: Module 'LuminTargetPlatform' loaded TargetPlatform 'Lumin'
[2020.10.10-05.09.28:737][  0]LogTemp: Display: Module 'LuminTargetPlatform' loaded TargetPlatform 'LuminClient'
[2020.10.10-05.09.28:737][  0]LogTargetPlatformManager: Display: Building Assets For Windows
[2020.10.10-05.09.28:747][  0]LogAudioDebug: Display: Lib vorbis DLL was dynamically loaded.
[2020.10.10-05.09.28:807][  0]LogShaderCompilers: Guid format shader working directory is -45 characters bigger than the processId version (../../../../../../Users/Max/Desktop/Gameplay Workshop/Gameplay-Workshop/Gameplay_Workshop/Intermediate/Shaders/WorkingDirectory/8708/).
[2020.10.10-05.09.28:807][  0]LogShaderCompilers: Cleaned the shader compiler working directory 'C:/Users/Max/AppData/Local/Temp/UnrealShaderWorkingDir/5A54D3D84337BE5A1B56ECAE0B4240DE/'.
[2020.10.10-05.09.28:809][  0]LogXGEController: Cleaning working directory: C:/Users/Max/AppData/Local/Temp/UnrealXGEWorkingDir/
[2020.10.10-05.09.28:810][  0]LogXGEController: Cannot use XGE Controller as Incredibuild is not installed on this machine.
[2020.10.10-05.09.28:810][  0]LogShaderCompilers: Cannot use XGE Shader Compiler as Incredibuild is not installed on this machine.
[2020.10.10-05.09.28:810][  0]LogShaderCompilers: Display: Using Local Shader Compiler.
[2020.10.10-05.09.29:482][  0]LogDerivedDataCache: Display: Max Cache Size: 512 MB
[2020.10.10-05.09.29:534][  0]LogDerivedDataCache: Loaded boot cache 0.05s 71MB C:/Users/Max/AppData/Local/UnrealEngine/4.22/DerivedDataCache/Boot.ddc.
[2020.10.10-05.09.29:534][  0]LogDerivedDataCache: Display: Loaded Boot cache: C:/Users/Max/AppData/Local/UnrealEngine/4.22/DerivedDataCache/Boot.ddc
[2020.10.10-05.09.29:534][  0]LogDerivedDataCache: FDerivedDataBackendGraph:  Pak pak cache file ../../../../../../Users/Max/Desktop/Gameplay Workshop/Gameplay-Workshop/Gameplay_Workshop/DerivedDataCache/DDC.ddp not found, will not use a pak cache.
[2020.10.10-05.09.29:534][  0]LogDerivedDataCache: Unable to find inner node Pak for hierarchical cache Hierarchy.
[2020.10.10-05.09.29:534][  0]LogDerivedDataCache: FDerivedDataBackendGraph:  CompressedPak pak cache file ../../../../../../Users/Max/Desktop/Gameplay Workshop/Gameplay-Workshop/Gameplay_Workshop/DerivedDataCache/Compressed.ddp not found, will not use a pak cache.
[2020.10.10-05.09.29:534][  0]LogDerivedDataCache: Unable to find inner node CompressedPak for hierarchical cache Hierarchy.
[2020.10.10-05.09.29:548][  0]LogDerivedDataCache: Display: Pak cache opened for reading ../../../Engine/DerivedDataCache/Compressed.ddp.
[2020.10.10-05.09.29:548][  0]LogDerivedDataCache: FDerivedDataBackendGraph:  EnterprisePak pak cache file ../../../Enterprise/DerivedDataCache/Compressed.ddp not found, will not use a pak cache.
[2020.10.10-05.09.29:548][  0]LogDerivedDataCache: Unable to find inner node EnterprisePak for hierarchical cache Hierarchy.
[2020.10.10-05.09.29:560][  0]LogDerivedDataCache: Using Local data cache path C:/Users/Max/AppData/Local/UnrealEngine/Common/DerivedDataCache: Writable
[2020.10.10-05.09.29:560][  0]LogDerivedDataCache: Shared data cache path not found in *engine.ini, will not use an Shared cache.
[2020.10.10-05.09.29:560][  0]LogDerivedDataCache: Unable to find inner node Shared for hierarchical cache Hierarchy.
[2020.10.10-05.09.29:584][  0]LogMaterial: Verifying Global Shaders for PCD3D_SM5
[2020.10.10-05.09.29:585][  0]LogSlate: Using FreeType 2.6.0
[2020.10.10-05.09.29:586][  0]LogSlate: SlateFontServices - WITH_FREETYPE: 1, WITH_HARFBUZZ: 1
[2020.10.10-05.09.29:676][  0]LogAssetRegistry: FAssetRegistry took 0.0351 seconds to start up
[2020.10.10-05.09.30:089][  0]LogInit: Selected Device Profile: [Windows]
[2020.10.10-05.09.30:240][  0]LogMeshReduction: Using QuadricMeshReduction for automatic static mesh reduction
[2020.10.10-05.09.30:240][  0]LogMeshReduction: Using SimplygonMeshReduction for automatic skeletal mesh reduction
[2020.10.10-05.09.30:240][  0]LogMeshReduction: Using ProxyLODMeshReduction for automatic mesh merging
[2020.10.10-05.09.30:240][  0]LogMeshReduction: No distributed automatic mesh merging module available
[2020.10.10-05.09.30:240][  0]LogMeshMerging: No distributed automatic mesh merging module available
[2020.10.10-05.09.30:251][  0]LogNetVersion: Gameplay_Workshop 1.0.0, NetCL: 5660361, EngineNetVer: 10, GameNetVer: 0 (Checksum: 1051378498)
[2020.10.10-05.09.30:687][  0]LogPackageLocalizationCache: Processed 10 localized package path(s) for 1 prioritized culture(s) in 0.044561 seconds
[2020.10.10-05.09.30:694][  0]LogUObjectArray: 42205 objects as part of root set at end of initial load.
[2020.10.10-05.09.30:694][  0]LogUObjectAllocator: 7325032 out of 0 bytes used by permanent object pool.
[2020.10.10-05.09.30:694][  0]LogUObjectArray: CloseDisregardForGC: 0/0 objects in disregard for GC pool
[2020.10.10-05.09.31:600][  0]LogTcpMessaging: Initializing TcpMessaging bridge
[2020.10.10-05.09.31:614][  0]LogUdpMessaging: Initializing bridge on interface 0.0.0.0:0 to multicast group 230.0.0.1:6666.
[2020.10.10-05.09.31:730][  0]SourceControl: Source control is disabled
[2020.10.10-05.09.31:730][  0]SourceControl: Source control is disabled
[2020.10.10-05.09.31:731][  0]SourceControl: Source control is disabled
[2020.10.10-05.09.31:733][  0]SourceControl: Source control is disabled
[2020.10.10-05.09.31:824][  0]LogAndroidPermission: UAndroidPermissionCallbackProxy::GetInstance
[2020.10.10-05.09.31:902][  0]LogOcInput: OculusInput pre-init called
[2020.10.10-05.09.32:657][  0]LogEngine: Initializing Engine...
[2020.10.10-05.09.32:658][  0]LogHMD: Failed to initialize OpenVR with code 110
[2020.10.10-05.09.32:660][  0]LogStats: UGameplayTagsManager::InitializeManager -  0.000 s
[2020.10.10-05.09.32:908][  0]LogInit: Initializing FReadOnlyCVARCache
[2020.10.10-05.09.32:924][  0]LogAIModule: Creating AISystem for world Untitled
[2020.10.10-05.09.32:939][  0]LogInit: XAudio2 using 'Speakers / Headphones (Realtek High Definition Audio)' : 2 channels at 48 kHz using 32 bits per sample (channel mask 0x3)
[2020.10.10-05.09.32:963][  0]LogInit: FAudioDevice initialized.
[2020.10.10-05.09.32:963][  0]LogNetVersion: Set ProjectVersion to 1.0.0.0. Version Checksum will be recalculated on next use.
[2020.10.10-05.09.33:077][  0]LogDerivedDataCache: Saved boot cache 0.11s 71MB C:/Users/Max/AppData/Local/UnrealEngine/4.22/DerivedDataCache/Boot.ddc.
[2020.10.10-05.09.33:087][  0]LogInit: Texture streaming: Enabled
[2020.10.10-05.09.33:105][  0]LogEngineSessionManager: EngineSessionManager initialized
[2020.10.10-05.09.33:120][  0]LogLiveCoding: Display: Starting LiveCoding
[2020.10.10-05.09.34:778][  0]LogLiveCoding: Display: First instance in process group "UE4_Gameplay_Workshop_0xc990847a", spawning console
[2020.10.10-05.09.34:778][  0]LogLiveCoding: Display: Waiting for server
[2020.10.10-05.09.34:778][  0]LogLiveCoding: Display: Successfully initialized, removing startup thread
[2020.10.10-05.09.34:781][  0]LogInit: Transaction tracking system initialized
[2020.10.10-05.09.34:820][  0]BlueprintLog: New page: Editor Load
[2020.10.10-05.09.34:940][  0]LocalizationService: Localization service is disabled
[2020.10.10-05.09.35:324][  0]LogFileCache: Scanning file cache for directory 'C:/Users/Max/Desktop/Gameplay Workshop/Gameplay-Workshop/Gameplay_Workshop/Content/' took 0.01s
[2020.10.10-05.09.35:324][  0]LogCook: Display: Max memory allowance for cook 16384mb min free memory 0mb
[2020.10.10-05.09.35:324][  0]LogCook: Display: Mobile HDR setting 1
[2020.10.10-05.09.35:561][  0]SourceControl: Source control is disabled
[2020.10.10-05.09.35:561][  0]Cmd: MAP LOAD FILE="../../../../../../Users/Max/Desktop/Gameplay Workshop/Gameplay-Workshop/Gameplay_Workshop/Content/Levels/L_Main_Testing_Level.umap" TEMPLATE=0 SHOWPROGRESS=1 FEATURELEVEL=3
[2020.10.10-05.09.35:563][  0]LightingResults: New page: Lighting Build
[2020.10.10-05.09.35:568][  0]MapCheck: New page: Map Check
[2020.10.10-05.09.35:568][  0]LightingResults: New page: Lighting Build
[2020.10.10-05.09.35:595][  0]LogUObjectHash: Compacting FUObjectHashTables data took   1.83ms
[2020.10.10-05.09.35:707][  0]LogAIModule: Creating AISystem for world L_Main_Testing_Level
[2020.10.10-05.09.35:716][  0]LogEditorServer: Finished looking for orphan Actors (0.000 secs)
[2020.10.10-05.09.35:745][  0]LogUObjectHash: Compacting FUObjectHashTables data took   2.44ms
[2020.10.10-05.09.35:745][  0]Cmd: MAP CHECKDEP NOCLEARLOG
[2020.10.10-05.09.35:746][  0]MapCheck: Map check complete: 0 Error(s), 0 Warning(s), took 0.183ms to complete.
[2020.10.10-05.09.35:746][  0]LogFileHelpers: Loading map 'L_Main_Testing_Level' took 0.185
[2020.10.10-05.09.35:860][  0]LogSlate: Updating window title bar state: overlay mode, drag disabled, window buttons hidden, title bar hidden
[2020.10.10-05.09.35:870][  0]LogSlate: Updating window title bar state: overlay mode, drag disabled, window buttons hidden, title bar hidden
[2020.10.10-05.09.35:878][  0]LogSlate: Updating window title bar state: overlay mode, drag disabled, window buttons hidden, title bar hidden
[2020.10.10-05.09.35:887][  0]LogSlate: Updating window title bar state: overlay mode, drag disabled, window buttons hidden, title bar hidden
[2020.10.10-05.09.35:893][  0]LogCollectionManager: Loaded 0 collections in 0.001822 seconds
[2020.10.10-05.09.35:922][  0]LogFileCache: Scanning file cache for directory 'C:/Users/Max/Desktop/Gameplay Workshop/Gameplay-Workshop/Gameplay_Workshop/Saved/Collections/' took 0.01s
[2020.10.10-05.09.35:922][  0]LogFileCache: Scanning file cache for directory 'C:/Users/Max/Desktop/Gameplay Workshop/Gameplay-Workshop/Gameplay_Workshop/Content/Developers/Max/Collections/' took 0.01s
[2020.10.10-05.09.35:922][  0]LogFileCache: Scanning file cache for directory 'C:/Users/Max/Desktop/Gameplay Workshop/Gameplay-Workshop/Gameplay_Workshop/Content/Collections/' took 0.00s
[2020.10.10-05.09.35:922][  0]LogCollectionManager: Rebuilt the GUID cache for 0 collections in 0.000000 seconds
[2020.10.10-05.09.35:933][  0]LogContentBrowser: Native class hierarchy populated in 0.0108 seconds. Added 2733 classes and 661 folders.
[2020.10.10-05.09.35:942][  0]LogContentBrowser: Native class hierarchy updated for 'WidgetCarousel' in 0.0004 seconds. Added 0 classes and 0 folders.
[2020.10.10-05.09.35:944][  0]LogPakFile: Registered encryption key '00000000000000000000000000000000': 0 pak files mounted, 0 remain pending
[2020.10.10-05.09.35:945][  0]LogPakFile: Registered encryption key '00000000000000000000000000000000': 0 pak files mounted, 0 remain pending
[2020.10.10-05.09.35:945][  0]LogPakFile: Registered encryption key '00000000000000000000000000000000': 0 pak files mounted, 0 remain pending
[2020.10.10-05.09.35:946][  0]LogPakFile: Registered encryption key '00000000000000000000000000000000': 0 pak files mounted, 0 remain pending
[2020.10.10-05.09.35:946][  0]LogPakFile: Registered encryption key '00000000000000000000000000000000': 0 pak files mounted, 0 remain pending
[2020.10.10-05.09.35:947][  0]LogPakFile: Registered encryption key '00000000000000000000000000000000': 0 pak files mounted, 0 remain pending
[2020.10.10-05.09.35:948][  0]LogPakFile: Registered encryption key '00000000000000000000000000000000': 0 pak files mounted, 0 remain pending
[2020.10.10-05.09.35:948][  0]LogPakFile: Registered encryption key '00000000000000000000000000000000': 0 pak files mounted, 0 remain pending
[2020.10.10-05.09.35:949][  0]LogPakFile: Registered encryption key '00000000000000000000000000000000': 0 pak files mounted, 0 remain pending
[2020.10.10-05.09.35:950][  0]LogPakFile: Registered encryption key '00000000000000000000000000000000': 0 pak files mounted, 0 remain pending
[2020.10.10-05.09.35:950][  0]LogPakFile: Registered encryption key '00000000000000000000000000000000': 0 pak files mounted, 0 remain pending
[2020.10.10-05.09.35:951][  0]LogPakFile: Registered encryption key '00000000000000000000000000000000': 0 pak files mounted, 0 remain pending
[2020.10.10-05.09.35:951][  0]LogPakFile: Registered encryption key '00000000000000000000000000000000': 0 pak files mounted, 0 remain pending
[2020.10.10-05.09.35:952][  0]LogPakFile: Registered encryption key '00000000000000000000000000000000': 0 pak files mounted, 0 remain pending
[2020.10.10-05.09.35:953][  0]LogPakFile: Registered encryption key '00000000000000000000000000000000': 0 pak files mounted, 0 remain pending
[2020.10.10-05.09.35:953][  0]LogPakFile: Registered encryption key '00000000000000000000000000000000': 0 pak files mounted, 0 remain pending
[2020.10.10-05.09.35:954][  0]LogPakFile: Registered encryption key '00000000000000000000000000000000': 0 pak files mounted, 0 remain pending
[2020.10.10-05.09.35:954][  0]LogPakFile: Registered encryption key '00000000000000000000000000000000': 0 pak files mounted, 0 remain pending
[2020.10.10-05.09.35:955][  0]LogPakFile: Registered encryption key '00000000000000000000000000000000': 0 pak files mounted, 0 remain pending
[2020.10.10-05.09.35:955][  0]LogPakFile: Registered encryption key '00000000000000000000000000000000': 0 pak files mounted, 0 remain pending
[2020.10.10-05.09.35:956][  0]LogPakFile: Registered encryption key '00000000000000000000000000000000': 0 pak files mounted, 0 remain pending
[2020.10.10-05.09.35:956][  0]LogPakFile: Registered encryption key '00000000000000000000000000000000': 0 pak files mounted, 0 remain pending
[2020.10.10-05.09.35:957][  0]LogPakFile: Registered encryption key '00000000000000000000000000000000': 0 pak files mounted, 0 remain pending
[2020.10.10-05.09.35:958][  0]LogPakFile: Registered encryption key '00000000000000000000000000000000': 0 pak files mounted, 0 remain pending
[2020.10.10-05.09.35:958][  0]LogPakFile: Registered encryption key '00000000000000000000000000000000': 0 pak files mounted, 0 remain pending
[2020.10.10-05.09.35:959][  0]LogPakFile: Registered encryption key '00000000000000000000000000000000': 0 pak files mounted, 0 remain pending
[2020.10.10-05.09.35:994][  0]LogContentBrowser: Native class hierarchy updated for 'AddContentDialog' in 0.0004 seconds. Added 0 classes and 0 folders.
[2020.10.10-05.09.36:000][  0]LogContentBrowser: Native class hierarchy updated for 'SceneOutliner' in 0.0007 seconds. Added 1 classes and 2 folders.
[2020.10.10-05.09.36:156][  0]LogSlate: Took 0.000186 seconds to synchronously load lazily loaded font '../../../Engine/Content/Slate/Fonts/Roboto-Regular.ttf' (155K)
[2020.10.10-05.09.36:158][  0]LogSlate: Took 0.000151 seconds to synchronously load lazily loaded font '../../../Engine/Content/Slate/Fonts/Roboto-Bold.ttf' (160K)
[2020.10.10-05.09.36:163][  0]LogSlate: Took 0.000157 seconds to synchronously load lazily loaded font '../../../Engine/Content/Editor/Slate/Fonts/FontAwesome.ttf' (139K)
[2020.10.10-05.09.36:207][  0]LogRenderer: Reallocating scene render targets to support 1180x564 Format 10 NumSamples 1 (Frame:1).
[2020.10.10-05.09.36:332][  0]LogContentBrowser: Native class hierarchy updated for 'HierarchicalLODOutliner' in 0.0005 seconds. Added 0 classes and 0 folders.
[2020.10.10-05.09.36:333][  0]LogLoad: (Engine Initialization) Total time: 11.48 seconds
[2020.10.10-05.09.36:333][  0]LogLoad: (Engine Initialization) Total Blueprint compile time: 0.00 seconds
[2020.10.10-05.09.36:369][  0]LogAssetRegistry: Asset discovery search completed in 6.7150 seconds
[2020.10.10-05.09.36:374][  0]LogCollectionManager: Rebuilt the object cache for 0 collections in 0.000001 seconds (found 0 objects)
[2020.10.10-05.09.36:374][  0]LogCollectionManager: Fixed up redirectors for 0 collections in 0.000058 seconds (updated 0 objects)
[2020.10.10-05.09.36:376][  0]LogContentStreaming: Texture pool size now 1000 MB
[2020.10.10-05.09.36:411][  0]LogSlate: Took 0.000160 seconds to synchronously load lazily loaded font '../../../Engine/Content/Slate/Fonts/Roboto-Light.ttf' (167K)
[2020.10.10-05.09.40:088][267]LogSlate: FSceneViewport::OnFocusLost() reason 0
[2020.10.10-05.09.40:176][276]LogSlate: Window 'Message Log' being destroyed
[2020.10.10-05.09.40:183][276]LogSlate: Window 'Message Log' being destroyed
[2020.10.10-05.09.42:545][495]LogSlate: FSceneViewport::OnFocusLost() reason 0
[2020.10.10-05.09.42:629][505]LogTemp: Repeating last play command: Selected Viewport
[2020.10.10-05.09.42:645][505]LogBlueprintUserMessages: Early PlayInEditor Detection: Level '/Game/Levels/L_Main_Testing_Level.L_Main_Testing_Level:PersistentLevel' has LevelScriptBlueprint '/Game/Levels/L_Main_Testing_Level.L_Main_Testing_Level:PersistentLevel.L_Main_Testing_Level' with GeneratedClass '/Game/Levels/L_Main_Testing_Level.L_Main_Testing_Level_C' with ClassGeneratedBy '/Game/Levels/L_Main_Testing_Level.L_Main_Testing_Level:PersistentLevel.L_Main_Testing_Level'
[2020.10.10-05.09.42:645][505]LogPlayLevel: PlayLevel: No blueprints needed recompiling
[2020.10.10-05.09.42:646][505]PIE: New page: PIE session: L_Main_Testing_Level (Oct 9, 2020, 3:09:42 PM)
[2020.10.10-05.09.42:659][505]LogPlayLevel: Creating play world package: /Game/Levels/UEDPIE_0_L_Main_Testing_Level
[2020.10.10-05.09.42:662][505]LogPlayLevel: PIE: StaticDuplicateObject took: (0.002753s)
[2020.10.10-05.09.42:662][505]LogAIModule: Creating AISystem for world L_Main_Testing_Level
[2020.10.10-05.09.42:663][505]LogPlayLevel: PIE: World Init took: (0.000617s)
[2020.10.10-05.09.42:663][505]LogPlayLevel: PIE: Created PIE world by copying editor world from /Game/Levels/L_Main_Testing_Level.L_Main_Testing_Level to /Game/Levels/UEDPIE_0_L_Main_Testing_Level.L_Main_Testing_Level (0.003838s)
[2020.10.10-05.09.42:686][505]LogUObjectHash: Compacting FUObjectHashTables data took   1.16ms
[2020.10.10-05.09.42:691][505]LogInit: XAudio2 using 'Speakers / Headphones (Realtek High Definition Audio)' : 2 channels at 48 kHz using 32 bits per sample (channel mask 0x3)
[2020.10.10-05.09.42:710][505]LogInit: FAudioDevice initialized.
[2020.10.10-05.09.42:749][505]LogLoad: Game class is 'GameModeBase'
[2020.10.10-05.09.42:756][505]LogWorld: Bringing World /Game/Levels/UEDPIE_0_L_Main_Testing_Level.L_Main_Testing_Level up for play (max tick rate 0) at 2020.10.09-22.09.42
[2020.10.10-05.09.42:757][505]LogWorld: Bringing up level for play took: 0.001015
[2020.10.10-05.09.42:774][505]LogContentBrowser: Native class hierarchy updated for 'MovieSceneCapture' in 0.0005 seconds. Added 20 classes and 0 folders.
[2020.10.10-05.09.42:775][505]PIE: Play in editor start time for /Game/Levels/UEDPIE_0_L_Main_Testing_Level 0.652
[2020.10.10-05.09.42:775][505]LogBlueprintUserMessages: Late PlayInEditor Detection: Level '/Game/Levels/L_Main_Testing_Level.L_Main_Testing_Level:PersistentLevel' has LevelScriptBlueprint '/Game/Levels/L_Main_Testing_Level.L_Main_Testing_Level:PersistentLevel.L_Main_Testing_Level' with GeneratedClass '/Game/Levels/L_Main_Testing_Level.L_Main_Testing_Level_C' with ClassGeneratedBy '/Game/Levels/L_Main_Testing_Level.L_Main_Testing_Level:PersistentLevel.L_Main_Testing_Level'
[2020.10.10-05.10.01:504][398]LogBlueprintUserMessages: Early EndPlayMap Detection: Level '/Game/Levels/L_Main_Testing_Level.L_Main_Testing_Level:PersistentLevel' has LevelScriptBlueprint '/Game/Levels/L_Main_Testing_Level.L_Main_Testing_Level:PersistentLevel.L_Main_Testing_Level' with GeneratedClass '/Game/Levels/L_Main_Testing_Level.L_Main_Testing_Level_C' with ClassGeneratedBy '/Game/Levels/L_Main_Testing_Level.L_Main_Testing_Level:PersistentLevel.L_Main_Testing_Level'
[2020.10.10-05.10.01:505][398]LogSlate: Updating window title bar state: overlay mode, drag disabled, window buttons hidden, title bar hidden
[2020.10.10-05.10.01:543][398]LogPlayLevel: Display: Shutting down PIE online subsystems
[2020.10.10-05.10.01:543][398]LogBlueprintUserMessages: Late EndPlayMap Detection: Level '/Game/Levels/L_Main_Testing_Level.L_Main_Testing_Level:PersistentLevel' has LevelScriptBlueprint '/Game/Levels/L_Main_Testing_Level.L_Main_Testing_Level:PersistentLevel.L_Main_Testing_Level' with GeneratedClass '/Game/Levels/L_Main_Testing_Level.L_Main_Testing_Level_C' with ClassGeneratedBy '/Game/Levels/L_Main_Testing_Level.L_Main_Testing_Level:PersistentLevel.L_Main_Testing_Level'
[2020.10.10-05.10.01:572][398]LogSlate: Updating window title bar state: overlay mode, drag disabled, window buttons hidden, title bar hidden
[2020.10.10-05.10.01:576][398]LogUObjectHash: Compacting FUObjectHashTables data took   1.99ms
[2020.10.10-05.10.01:636][400]LogPlayLevel: Display: Destroying online subsystem :Context_2
[2020.10.10-05.10.09:098][116]LogSlate: FSceneViewport::OnFocusLost() reason 0
[2020.10.10-05.10.09:207][124]LogUObjectHash: Compacting FUObjectHashTables data took   0.65ms
[2020.10.10-05.10.09:286][124]LogSlate: Window 'Gameplay_Workshop - Unreal Editor' being destroyed
[2020.10.10-05.10.09:286][124]LogWindowsTextInputMethodSystem: Display: IME system now deactivated.
[2020.10.10-05.10.09:490][125]Cmd: QUIT_EDITOR
[2020.10.10-05.10.09:762][125]LogExit: Preparing to exit.
[2020.10.10-05.10.10:658][125]LogExit: Editor shut down
[2020.10.10-05.10.10:658][125]LogExit: Transaction tracking system shut down
[2020.10.10-05.10.10:915][125]LogExit: Object subsystem successfully closed.
[2020.10.10-05.10.10:933][125]LogShaderCompilers: Display: Shaders left to compile 0
[2020.10.10-05.10.10:937][125]LogD3D11RHI: Shutdown
[2020.10.10-05.10.10:937][125]LogD3D11RHI: CleanupD3DDevice
[2020.10.10-05.10.10:937][125]LogRendererCore: FGlobalReadBuffer::ReleaseRHI
[2020.10.10-05.10.10:938][125]LogRendererCore: FGlobalDynamicReadBuffer::Cleanup()
[2020.10.10-05.10.10:938][125]LogRendererCore: FGlobalReadBuffer::ReleaseRHI
[2020.10.10-05.10.10:938][125]LogRendererCore: FGlobalDynamicReadBuffer::Cleanup()
[2020.10.10-05.10.10:938][125]LogRendererCore: FGlobalReadBuffer::ReleaseRHI
[2020.10.10-05.10.10:938][125]LogRendererCore: FGlobalDynamicReadBuffer::Cleanup()
[2020.10.10-05.10.11:009][125]LogD3D11RHI: ~FD3D11DynamicRHI
[2020.10.10-05.10.11:047][125]LogModuleManager: Shutting down and abandoning module MovieSceneCapture (648)
[2020.10.10-05.10.11:047][125]LogModuleManager: Shutting down and abandoning module Voice (646)
[2020.10.10-05.10.11:047][125]LogModuleManager: Shutting down and abandoning module HierarchicalLODOutliner (644)
[2020.10.10-05.10.11:047][125]LogModuleManager: Shutting down and abandoning module SceneOutliner (642)
[2020.10.10-05.10.11:047][125]LogModuleManager: Shutting down and abandoning module AddContentDialog (640)
[2020.10.10-05.10.11:048][125]LogModuleManager: Shutting down and abandoning module WidgetCarousel (639)
[2020.10.10-05.10.11:048][125]LogModuleManager: Shutting down and abandoning module EditorWidgets (636)
[2020.10.10-05.10.11:048][125]LogModuleManager: Shutting down and abandoning module CollectionManager (634)
[2020.10.10-05.10.11:048][125]LogModuleManager: Shutting down and abandoning module StatsViewer (632)
[2020.10.10-05.10.11:048][125]LogModuleManager: Shutting down and abandoning module FoliageEdit (630)
[2020.10.10-05.10.11:048][125]LogModuleManager: Shutting down and abandoning module LandscapeEditor (628)
[2020.10.10-05.10.11:048][125]LogModuleManager: Shutting down and abandoning module MeshPaintMode (626)
[2020.10.10-05.10.11:048][125]LogModuleManager: Shutting down and abandoning module SceneDepthPickerMode (624)
[2020.10.10-05.10.11:048][125]LogModuleManager: Shutting down and abandoning module ActorPickerMode (622)
[2020.10.10-05.10.11:048][125]LogModuleManager: Shutting down and abandoning module GeometryMode (620)
[2020.10.10-05.10.11:048][125]LogModuleManager: Shutting down and abandoning module TextureAlignMode (618)
[2020.10.10-05.10.11:048][125]LogModuleManager: Shutting down and abandoning module BspMode (616)
[2020.10.10-05.10.11:048][125]LogModuleManager: Shutting down and abandoning module PIEPreviewDeviceProfileSelector (614)
[2020.10.10-05.10.11:048][125]LogModuleManager: Shutting down and abandoning module SequenceRecorderSections (612)
[2020.10.10-05.10.11:048][125]LogModuleManager: Shutting down and abandoning module AutomationWorker (610)
[2020.10.10-05.10.11:048][125]LogModuleManager: Shutting down and abandoning module OculusMR (608)
[2020.10.10-05.10.11:048][125]LogModuleManager: Shutting down and abandoning module AudioCaptureEditor (606)
[2020.10.10-05.10.11:048][125]LogModuleManager: Shutting down and abandoning module MatineeToLevelSequence (604)
[2020.10.10-05.10.11:048][125]LogModuleManager: Shutting down and abandoning module LevelSequenceEditor (602)
[2020.10.10-05.10.11:048][125]LogModuleManager: Shutting down and abandoning module PlacementMode (601)
[2020.10.10-05.10.11:048][125]LogModuleManager: Shutting down and abandoning module MaterialEditor (600)
[2020.10.10-05.10.11:048][125]LogModuleManager: Shutting down and abandoning module ActorSequenceEditor (596)
[2020.10.10-05.10.11:048][125]LogModuleManager: Shutting down and abandoning module WmfMediaFactory (594)
[2020.10.10-05.10.11:048][125]LogModuleManager: Shutting down and abandoning module WmfMediaEditor (592)
[2020.10.10-05.10.11:048][125]LogModuleManager: Shutting down and abandoning module WebMMediaFactory (590)
[2020.10.10-05.10.11:048][125]LogModuleManager: Shutting down and abandoning module WebMMediaEditor (588)
[2020.10.10-05.10.11:048][125]LogModuleManager: Shutting down and abandoning module WebMMedia (586)
[2020.10.10-05.10.11:048][125]LogModuleManager: Shutting down and abandoning module MediaPlayerEditor (584)
[2020.10.10-05.10.11:048][125]LogModuleManager: Shutting down and abandoning module MediaCompositingEditor (582)
[2020.10.10-05.10.11:048][125]LogModuleManager: Shutting down and abandoning module SequenceRecorder (581)
[2020.10.10-05.10.11:048][125]LogModuleManager: Shutting down and abandoning module OpenExrWrapper (578)
[2020.10.10-05.10.11:049][125]LogModuleManager: Shutting down and abandoning module ImgMediaFactory (576)
[2020.10.10-05.10.11:049][125]LogModuleManager: Shutting down and abandoning module ImgMediaEditor (574)
[2020.10.10-05.10.11:049][125]LogModuleManager: Shutting down and abandoning module AvfMediaFactory (572)
[2020.10.10-05.10.11:049][125]LogModuleManager: Shutting down and abandoning module AvfMediaEditor (570)
[2020.10.10-05.10.11:049][125]LogModuleManager: Shutting down and abandoning module AndroidMediaFactory (568)
[2020.10.10-05.10.11:049][125]LogModuleManager: Shutting down and abandoning module AndroidMediaEditor (566)
[2020.10.10-05.10.11:049][125]LogModuleManager: Shutting down and abandoning module MagicLeapCameraPreviewFactory (564)
[2020.10.10-05.10.11:049][125]LogModuleManager: Shutting down and abandoning module MagicLeapMediaCodecFactory (562)
[2020.10.10-05.10.11:049][125]LogModuleManager: Shutting down and abandoning module MagicLeapMediaFactory (560)
[2020.10.10-05.10.11:049][125]LogModuleManager: Shutting down and abandoning module MagicLeapMediaEditor (558)
[2020.10.10-05.10.11:049][125]LogModuleManager: Shutting down and abandoning module CharacterAI (556)
[2020.10.10-05.10.11:049][125]LogModuleManager: Shutting down and abandoning module SmartSnapping (554)
[2020.10.10-05.10.11:049][125]LogModuleManager: Shutting down and abandoning module SessionServices (552)
[2020.10.10-05.10.11:049][125]LogModuleManager: Shutting down and abandoning module MeshPaint (550)
[2020.10.10-05.10.11:049][125]LogModuleManager: Shutting down and abandoning module ViewportSnapping (548)
[2020.10.10-05.10.11:049][125]LogModuleManager: Shutting down and abandoning module ViewportInteraction (546)
[2020.10.10-05.10.11:049][125]LogModuleManager: Shutting down and abandoning module ClothPainter (544)
[2020.10.10-05.10.11:049][125]LogModuleManager: Shutting down and abandoning module SkeletalMeshEditor (543)
[2020.10.10-05.10.11:049][125]LogModuleManager: Shutting down and abandoning module LogVisualizer (540)
[2020.10.10-05.10.11:049][125]LogModuleManager: Shutting down and abandoning module IntroTutorials (538)
[2020.10.10-05.10.11:049][125]LogModuleManager: Shutting down and abandoning module GameProjectGeneration (537)
[2020.10.10-05.10.11:049][125]LogModuleManager: Shutting down and abandoning module LuminPlatformEditor (534)
[2020.10.10-05.10.11:049][125]LogModuleManager: Shutting down and abandoning module IOSPlatformEditor (532)
[2020.10.10-05.10.11:049][125]LogModuleManager: Shutting down and abandoning module HTML5PlatformEditor (530)
[2020.10.10-05.10.11:049][125]LogModuleManager: Shutting down and abandoning module AndroidPlatformEditor (528)
[2020.10.10-05.10.11:049][125]LogModuleManager: Shutting down and abandoning module AndroidDeviceDetection (527)
[2020.10.10-05.10.12:069][125]LogModuleManager: Shutting down and abandoning module WindowsPlatformEditor (524)
[2020.10.10-05.10.12:069][125]LogModuleManager: Shutting down and abandoning module LuminRuntimeSettings (522)
[2020.10.10-05.10.12:069][125]LogModuleManager: Shutting down and abandoning module IOSRuntimeSettings (520)
[2020.10.10-05.10.12:069][125]LogModuleManager: Shutting down and abandoning module AndroidRuntimeSettings (518)
[2020.10.10-05.10.12:070][125]LogModuleManager: Shutting down and abandoning module TimeManagementEditor (516)
[2020.10.10-05.10.12:070][125]LogModuleManager: Shutting down and abandoning module InputBindingEditor (514)
[2020.10.10-05.10.12:070][125]LogModuleManager: Shutting down and abandoning module MergeActors (512)
[2020.10.10-05.10.12:070][125]LogModuleManager: Shutting down and abandoning module LocalizationDashboard (510)
[2020.10.10-05.10.12:070][125]LogModuleManager: Shutting down and abandoning module LocalizationService (509)
[2020.10.10-05.10.12:070][125]LogModuleManager: Shutting down and abandoning module HardwareTargeting (506)
[2020.10.10-05.10.12:070][125]LogModuleManager: Shutting down and abandoning module DeviceProfileEditor (504)
[2020.10.10-05.10.12:070][125]LogModuleManager: Shutting down and abandoning module UndoHistory (502)
[2020.10.10-05.10.12:070][125]LogModuleManager: Shutting down and abandoning module XmlParser (500)
[2020.10.10-05.10.12:070][125]LogModuleManager: Shutting down and abandoning module Blutility (498)
[2020.10.10-05.10.12:070][125]LogModuleManager: Shutting down and abandoning module ProjectSettingsViewer (496)
[2020.10.10-05.10.12:070][125]LogModuleManager: Shutting down and abandoning module ProjectTargetPlatformEditor (495)
[2020.10.10-05.10.12:070][125]LogModuleManager: Shutting down and abandoning module EditorSettingsViewer (492)
[2020.10.10-05.10.12:070][125]LogModuleManager: Shutting down and abandoning module SettingsEditor (490)
[2020.10.10-05.10.12:070][125]LogModuleManager: Shutting down and abandoning module ProjectLauncher (488)
[2020.10.10-05.10.12:070][125]LogModuleManager: Shutting down and abandoning module SessionFrontend (486)
[2020.10.10-05.10.12:070][125]LogModuleManager: Shutting down and abandoning module ProfilerClient (484)
[2020.10.10-05.10.12:070][125]LogModuleManager: Shutting down and abandoning module DeviceManager (482)
[2020.10.10-05.10.12:070][125]LogModuleManager: Shutting down and abandoning module TargetDeviceServices (481)
[2020.10.10-05.10.12:114][125]LogModuleManager: Shutting down and abandoning module AutomationController (478)
[2020.10.10-05.10.12:114][125]LogModuleManager: Shutting down and abandoning module AutomationWindow (476)
[2020.10.10-05.10.12:114][125]LogModuleManager: Shutting down and abandoning module Layers (474)
[2020.10.10-05.10.12:114][125]LogModuleManager: Shutting down and abandoning module ComponentVisualizers (472)
[2020.10.10-05.10.12:114][125]LogModuleManager: Shutting down and abandoning module DetailCustomizations (470)
[2020.10.10-05.10.12:114][125]LogModuleManager: Shutting down and abandoning module PackagesDialog (468)
[2020.10.10-05.10.12:114][125]LogModuleManager: Shutting down and abandoning module AnimationBlueprintEditor (466)
[2020.10.10-05.10.12:114][125]LogModuleManager: Shutting down and abandoning module Persona (464)
[2020.10.10-05.10.12:114][125]LogModuleManager: Shutting down and abandoning module AdvancedPreviewScene (463)
[2020.10.10-05.10.12:114][125]LogModuleManager: Shutting down and abandoning module AnimGraph (461)
[2020.10.10-05.10.12:114][125]LogModuleManager: Shutting down and abandoning module Kismet (458)
[2020.10.10-05.10.12:114][125]LogModuleManager: Shutting down and abandoning module GraphEditor (456)
[2020.10.10-05.10.12:114][125]LogModuleManager: Shutting down and abandoning module ClassViewer (454)
[2020.10.10-05.10.12:114][125]LogModuleManager: Shutting down and abandoning module Toolbox (452)
[2020.10.10-05.10.12:114][125]LogModuleManager: Shutting down and abandoning module DesktopPlatform (451)
[2020.10.10-05.10.12:115][125]LogModuleManager: Shutting down and abandoning module ModuleUI (448)
[2020.10.10-05.10.12:115][125]LogModuleManager: Shutting down and abandoning module MovieSceneTools (446)
[2020.10.10-05.10.12:115][125]LogModuleManager: Shutting down and abandoning module OutputLog (444)
[2020.10.10-05.10.12:115][125]LogModuleManager: Shutting down and abandoning module GammaUI (442)
[2020.10.10-05.10.12:115][125]LogModuleManager: Shutting down and abandoning module Documentation (440)
[2020.10.10-05.10.12:115][125]LogModuleManager: Shutting down and abandoning module LiveCoding (438)
[2020.10.10-05.10.12:125][125]LogModuleManager: Shutting down and abandoning module LevelSequence (436)
[2020.10.10-05.10.12:125][125]LogModuleManager: Shutting down and abandoning module MovieSceneTracks (434)
[2020.10.10-05.10.12:125][125]LogModuleManager: Shutting down and abandoning module MovieScene (432)
[2020.10.10-05.10.12:125][125]LogModuleManager: Shutting down and abandoning module StreamingPauseRendering (430)
[2020.10.10-05.10.12:125][125]LogModuleManager: Shutting down and abandoning module LauncherPlatform (428)
[2020.10.10-05.10.12:125][125]LogModuleManager: Shutting down and abandoning module AnalyticsET (426)
[2020.10.10-05.10.12:125][125]LogModuleManager: Shutting down and abandoning module PortalServices (424)
[2020.10.10-05.10.12:125][125]LogModuleManager: Shutting down and abandoning module PortalRpc (422)
[2020.10.10-05.10.12:125][125]LogModuleManager: Shutting down and abandoning module MessagingRpc (420)
[2020.10.10-05.10.12:125][125]LogModuleManager: Shutting down and abandoning module AIModule (418)
[2020.10.10-05.10.12:125][125]LogModuleManager: Shutting down and abandoning module GameplayDebugger (417)
[2020.10.10-05.10.12:125][125]LogModuleManager: Shutting down and abandoning module AITestSuite (415)
[2020.10.10-05.10.12:125][125]LogModuleManager: Shutting down and abandoning module NavigationSystem (413)
[2020.10.10-05.10.12:125][125]LogModuleManager: Shutting down and abandoning module ImageWriteQueue (410)
[2020.10.10-05.10.12:129][125]LogModuleManager: Shutting down and abandoning module ProfilerService (408)
[2020.10.10-05.10.12:364][125]LogModuleManager: Shutting down and abandoning module TaskGraph (406)
[2020.10.10-05.10.12:364][125]LogModuleManager: Shutting down and abandoning module SteamVRController (404)
[2020.10.10-05.10.12:364][125]LogModuleManager: Shutting down and abandoning module ProceduralMeshComponentEditor (402)
[2020.10.10-05.10.12:364][125]LogModuleManager: Shutting down and abandoning module ProceduralMeshComponent (400)
[2020.10.10-05.10.12:364][125]LogModuleManager: Shutting down and abandoning module OculusEditor (398)
[2020.10.10-05.10.12:364][125]LogModuleManager: Shutting down and abandoning module OculusInput (396)
[2020.10.10-05.10.12:364][125]LogModuleManager: Shutting down and abandoning module MobilePatchingUtils (394)
[2020.10.10-05.10.12:364][125]LogModuleManager: Shutting down and abandoning module EditableMesh (392)
[2020.10.10-05.10.12:365][125]LogModuleManager: Shutting down and abandoning module CustomMeshComponent (390)
[2020.10.10-05.10.12:365][125]LogModuleManager: Shutting down and abandoning module CableComponent (388)
[2020.10.10-05.10.12:365][125]LogModuleManager: Shutting down and abandoning module AudioCapture (386)
[2020.10.10-05.10.12:365][125]LogModuleManager: Shutting down and abandoning module ArchVisCharacter (384)
[2020.10.10-05.10.12:365][125]LogModuleManager: Shutting down and abandoning module AndroidPermission (382)
[2020.10.10-05.10.12:365][125]LogModuleManager: Shutting down and abandoning module NUTUnrealEngine4 (380)
[2020.10.10-05.10.12:365][125]LogModuleManager: Shutting down and abandoning module NetcodeUnitTest (378)
[2020.10.10-05.10.12:365][125]LogModuleManager: Shutting down and abandoning module MediaCompositing (376)
[2020.10.10-05.10.12:365][125]LogModuleManager: Shutting down and abandoning module LinearTimecode (374)
[2020.10.10-05.10.12:365][125]LogModuleManager: Shutting down and abandoning module ImgMedia (372)
[2020.10.10-05.10.12:365][125]LogModuleManager: Shutting down and abandoning module MagicLeapHelperVulkan (370)
[2020.10.10-05.10.12:365][125]LogModuleManager: Shutting down and abandoning module MagicLeapHelperOpenGL (368)
[2020.10.10-05.10.12:365][125]LogModuleManager: Shutting down and abandoning module MagicLeapAudio (366)
[2020.10.10-05.10.12:365][125]LogModuleManager: Shutting down and abandoning module HTML5Networking (364)
[2020.10.10-05.10.12:365][125]LogModuleManager: Shutting down and abandoning module GeometryCacheTracks (362)
[2020.10.10-05.10.12:365][125]LogModuleManager: Shutting down and abandoning module GeometryCacheSequencer (360)
[2020.10.10-05.10.12:365][125]LogModuleManager: Shutting down and abandoning module BackChannel (358)
[2020.10.10-05.10.12:365][125]LogModuleManager: Shutting down and abandoning module AppleVision (356)
[2020.10.10-05.10.12:365][125]LogModuleManager: Shutting down and abandoning module AppleImageUtilsBlueprintSupport (354)
[2020.10.10-05.10.12:365][125]LogModuleManager: Shutting down and abandoning module AppleImageUtils (352)
[2020.10.10-05.10.12:365][125]LogModuleManager: Shutting down and abandoning module AlembicImporter (350)
[2020.10.10-05.10.12:365][125]LogModuleManager: Shutting down and abandoning module AlembicLibrary (349)
[2020.10.10-05.10.12:365][125]LogModuleManager: Shutting down and abandoning module GeometryCache (348)
[2020.10.10-05.10.12:365][125]LogModuleManager: Shutting down and abandoning module GeometryCacheEd (347)
[2020.10.10-05.10.12:365][125]LogModuleManager: Shutting down and abandoning module VariantManagerContent (342)
[2020.10.10-05.10.12:365][125]LogModuleManager: Shutting down and abandoning module DatasmithContentEditor (340)
[2020.10.10-05.10.12:365][125]LogModuleManager: Shutting down and abandoning module SpeedTreeImporter (338)
[2020.10.10-05.10.12:365][125]LogModuleManager: Shutting down and abandoning module PluginBrowser (336)
[2020.10.10-05.10.12:365][125]LogModuleManager: Shutting down and abandoning module MobileLauncherProfileWizard (334)
[2020.10.10-05.10.12:365][125]LogModuleManager: Shutting down and abandoning module MaterialAnalyzer (332)
[2020.10.10-05.10.12:365][125]LogModuleManager: Shutting down and abandoning module CryptoKeysOpenSSL (330)
[2020.10.10-05.10.12:365][125]LogModuleManager: Shutting down and abandoning module CryptoKeys (328)
[2020.10.10-05.10.12:365][125]LogModuleManager: Shutting down and abandoning module VisualStudioSourceCodeAccess (326)
[2020.10.10-05.10.12:365][125]LogModuleManager: Shutting down and abandoning module VisualStudioCodeSourceCodeAccess (324)
[2020.10.10-05.10.12:365][125]LogModuleManager: Shutting down and abandoning module UObjectPlugin (322)
[2020.10.10-05.10.12:365][125]LogModuleManager: Shutting down and abandoning module SubversionSourceControl (320)
[2020.10.10-05.10.12:365][125]LogModuleManager: Shutting down and abandoning module PerforceSourceControl (318)
[2020.10.10-05.10.12:365][125]LogModuleManager: Shutting down and abandoning module GitSourceControl (316)
[2020.10.10-05.10.12:365][125]LogModuleManager: Shutting down and abandoning module SourceControl (315)
[2020.10.10-05.10.12:365][125]LogModuleManager: Shutting down and abandoning module CLionSourceCodeAccess (312)
[2020.10.10-05.10.12:365][125]LogModuleManager: Shutting down and abandoning module AnimationSharingEd (310)
[2020.10.10-05.10.12:365][125]LogModuleManager: Shutting down and abandoning module ActorLayerUtilitiesEditor (308)
[2020.10.10-05.10.12:365][125]LogModuleManager: Shutting down and abandoning module ActorLayerUtilities (306)
[2020.10.10-05.10.12:365][125]LogModuleManager: Shutting down and abandoning module LightPropagationVolumeEditor (304)
[2020.10.10-05.10.12:365][125]LogModuleManager: Shutting down and abandoning module PaperTiledImporter (302)
[2020.10.10-05.10.12:365][125]LogModuleManager: Shutting down and abandoning module PaperSpriteSheetImporter (300)
[2020.10.10-05.10.12:365][125]LogModuleManager: Shutting down and abandoning module Paper2DEditor (298)
[2020.10.10-05.10.12:365][125]LogModuleManager: Shutting down and abandoning module Gameplay_Workshop (296)
[2020.10.10-05.10.12:365][125]LogModuleManager: Shutting down and abandoning module SignificanceManager (294)
[2020.10.10-05.10.12:365][125]LogModuleManager: Shutting down and abandoning module RuntimePhysXCooking (292)
[2020.10.10-05.10.12:365][125]LogModuleManager: Shutting down and abandoning module PhysXVehiclesEditor (290)
[2020.10.10-05.10.12:366][125]LogModuleManager: Shutting down and abandoning module PhysXVehicles (288)
[2020.10.10-05.10.12:366][125]LogModuleManager: Shutting down and abandoning module LocationServicesBPLibrary (286)
[2020.10.10-05.10.12:366][125]LogModuleManager: Shutting down and abandoning module ActorSequence (284)
[2020.10.10-05.10.12:366][125]LogModuleManager: Shutting down and abandoning module UdpMessaging (282)
[2020.10.10-05.10.12:467][125]LogModuleManager: Shutting down and abandoning module TcpMessaging (280)
[2020.10.10-05.10.12:567][125]LogModuleManager: Shutting down and abandoning module MagicLeapIdentity (278)
[2020.10.10-05.10.12:567][125]LogModuleManager: Shutting down and abandoning module MagicLeapSecureStorage (276)
[2020.10.10-05.10.12:567][125]LogModuleManager: Shutting down and abandoning module MagicLeapHandTracking (274)
[2020.10.10-05.10.12:567][125]LogModuleManager: Shutting down and abandoning module MagicLeapEyeTracker (272)
[2020.10.10-05.10.12:567][125]LogModuleManager: Shutting down and abandoning module MagicLeapController (270)
[2020.10.10-05.10.12:567][125]LogSlate: Slate User Destroyed.  User Index 0, Is Virtual User: 0
[2020.10.10-05.10.12:567][125]LogModuleManager: Shutting down and abandoning module MagicLeapAR (268)
[2020.10.10-05.10.12:567][125]LogModuleManager: Shutting down and abandoning module AugmentedReality (267)
[2020.10.10-05.10.12:567][125]LogModuleManager: Shutting down and abandoning module GameplayTagsEditor (264)
[2020.10.10-05.10.12:567][125]LogModuleManager: Shutting down and abandoning module FacialAnimationEditor (262)
[2020.10.10-05.10.12:567][125]LogModuleManager: Shutting down and abandoning module FacialAnimation (260)
[2020.10.10-05.10.12:567][125]LogModuleManager: Shutting down and abandoning module DataValidation (258)
[2020.10.10-05.10.12:567][125]LogModuleManager: Shutting down and abandoning module AssetManagerEditor (256)
[2020.10.10-05.10.12:567][125]LogModuleManager: Shutting down and abandoning module LevelEditor (255)
[2020.10.10-05.10.12:568][125]LogModuleManager: Shutting down and abandoning module PixelInspectorModule (254)
[2020.10.10-05.10.12:568][125]LogModuleManager: Shutting down and abandoning module CommonMenuExtensions (252)
[2020.10.10-05.10.12:569][125]LogModuleManager: Shutting down and abandoning module MainFrame (250)
[2020.10.10-05.10.12:569][125]LogModuleManager: Shutting down and abandoning module HotReload (249)
[2020.10.10-05.10.12:569][125]LogModuleManager: Shutting down and abandoning module ContentBrowser (245)
[2020.10.10-05.10.12:570][125]LogModuleManager: Shutting down and abandoning module TreeMap (243)
[2020.10.10-05.10.12:571][125]LogModuleManager: Shutting down and abandoning module AnimationSharing (240)
[2020.10.10-05.10.12:571][125]LogModuleManager: Shutting down and abandoning module LightPropagationVolumeRuntime (238)
[2020.10.10-05.10.12:571][125]LogModuleManager: Shutting down and abandoning module AISupportModule (236)
[2020.10.10-05.10.12:571][125]LogModuleManager: Shutting down and abandoning module Paper2D (234)
[2020.10.10-05.10.12:571][125]LogModuleManager: Shutting down and abandoning module WindowsMoviePlayer (232)
[2020.10.10-05.10.12:571][125]LogModuleManager: Shutting down and abandoning module WebMMoviePlayer (230)
[2020.10.10-05.10.12:571][125]LogModuleManager: Shutting down and abandoning module PacketHandler (228)
[2020.10.10-05.10.12:571][125]LogModuleManager: Shutting down and abandoning module ClothingSystemEditor (226)
[2020.10.10-05.10.12:571][125]LogModuleManager: Shutting down and abandoning module ClothingSystemRuntime (224)
[2020.10.10-05.10.12:571][125]LogModuleManager: Shutting down and abandoning module MediaAssets (222)
[2020.10.10-05.10.12:571][125]LogModuleManager: Shutting down and abandoning module Overlay (220)
[2020.10.10-05.10.12:571][125]LogModuleManager: Shutting down and abandoning module OverlayEditor (219)
[2020.10.10-05.10.12:571][125]LogModuleManager: Shutting down and abandoning module VREditor (216)
[2020.10.10-05.10.12:571][125]LogModuleManager: Shutting down and abandoning module StringTableEditor (214)
[2020.10.10-05.10.12:571][125]LogModuleManager: Shutting down and abandoning module GameplayTasksEditor (212)
[2020.10.10-05.10.12:571][125]LogModuleManager: Shutting down and abandoning module BehaviorTreeEditor (210)
[2020.10.10-05.10.12:571][125]LogModuleManager: Shutting down and abandoning module FunctionalTesting (208)
[2020.10.10-05.10.12:571][125]LogModuleManager: Shutting down and abandoning module CollisionAnalyzer (206)
[2020.10.10-05.10.12:571][125]LogModuleManager: Shutting down and abandoning module WorkspaceMenuStructure (205)
[2020.10.10-05.10.12:571][125]LogModuleManager: Shutting down and abandoning module UMG (202)
[2020.10.10-05.10.12:571][125]LogModuleManager: Shutting down and abandoning module UMGEditor (201)
[2020.10.10-05.10.12:571][125]LogModuleManager: Shutting down and abandoning module Sequencer (200)
[2020.10.10-05.10.12:571][125]LogModuleManager: Shutting down and abandoning module MessageLog (197)
[2020.10.10-05.10.12:571][125]LogModuleManager: Shutting down and abandoning module SlateReflector (192)
[2020.10.10-05.10.12:571][125]LogModuleManager: Shutting down and abandoning module Slate (190)
[2020.10.10-05.10.12:571][125]LogModuleManager: Shutting down and abandoning module EditorStyle (188)
[2020.10.10-05.10.12:573][125]LogModuleManager: Shutting down and abandoning module UnrealEd (186)
[2020.10.10-05.10.12:574][125]LogModuleManager: Shutting down and abandoning module MRMesh (184)
[2020.10.10-05.10.12:574][125]LogModuleManager: Shutting down and abandoning module SourceCodeAccess (182)
[2020.10.10-05.10.12:574][125]LogModuleManager: Shutting down and abandoning module HeadMountedDisplay (180)
[2020.10.10-05.10.12:574][125]LogModuleManager: Shutting down and abandoning module XAudio2 (178)
[2020.10.10-05.10.12:574][125]LogModuleManager: Shutting down and abandoning module Networking (176)
[2020.10.10-05.10.12:574][125]LogModuleManager: Shutting down and abandoning module Core (174)
[2020.10.10-05.10.12:574][125]LogModuleManager: Shutting down and abandoning module KismetCompiler (172)
[2020.10.10-05.10.12:574][125]LogModuleManager: Shutting down and abandoning module MeshUtilities (170)
[2020.10.10-05.10.12:574][125]LogModuleManager: Shutting down and abandoning module MeshMergeUtilities (169)
[2020.10.10-05.10.12:574][125]LogModuleManager: Shutting down and abandoning module MeshReductionInterface (168)
[2020.10.10-05.10.12:574][125]LogModuleManager: Shutting down and abandoning module SkeletalMeshReduction (167)
[2020.10.10-05.10.12:574][125]LogModuleManager: Shutting down and abandoning module ProxyLODMeshReduction (165)
[2020.10.10-05.10.12:574][125]LogModuleManager: Shutting down and abandoning module QuadricMeshReduction (163)
[2020.10.10-05.10.12:574][125]LogModuleManager: Shutting down and abandoning module MaterialBaking (159)
[2020.10.10-05.10.12:574][125]LogModuleManager: Shutting down and abandoning module DerivedDataCache (154)
[2020.10.10-05.10.12:600][125]LogDerivedDataCache: Shutdown
[2020.10.10-05.10.12:600][125]LogModuleManager: Shutting down and abandoning module XGEController (152)
[2020.10.10-05.10.12:600][125]LogXGEController: Cleaning working directory: C:/Users/Max/AppData/Local/Temp/UnrealXGEWorkingDir/
[2020.10.10-05.10.12:600][125]LogModuleManager: Shutting down and abandoning module TargetPlatform (150)
[2020.10.10-05.10.12:600][125]LogModuleManager: Shutting down and abandoning module VulkanShaderFormat (149)
[2020.10.10-05.10.12:600][125]LogModuleManager: Shutting down and abandoning module ShaderFormatVectorVM (147)
[2020.10.10-05.10.12:600][125]LogModuleManager: Shutting down and abandoning module ShaderFormatOpenGL (145)
[2020.10.10-05.10.12:600][125]LogModuleManager: Shutting down and abandoning module ShaderFormatD3D (143)
[2020.10.10-05.10.12:600][125]LogModuleManager: Shutting down and abandoning module MetalShaderFormat (141)
[2020.10.10-05.10.12:601][125]LogModuleManager: Shutting down and abandoning module TextureFormatUncompressed (139)
[2020.10.10-05.10.12:601][125]LogModuleManager: Shutting down and abandoning module TextureFormatPVR (137)
[2020.10.10-05.10.12:601][125]LogModuleManager: Shutting down and abandoning module TextureFormatDXT (135)
[2020.10.10-05.10.12:601][125]LogModuleManager: Shutting down and abandoning module TextureFormatIntelISPCTexComp (133)
[2020.10.10-05.10.12:601][125]LogModuleManager: Shutting down and abandoning module TextureFormatASTC (131)
[2020.10.10-05.10.12:601][125]LogModuleManager: Shutting down and abandoning module ImageWrapper (130)
[2020.10.10-05.10.12:601][125]LogModuleManager: Shutting down and abandoning module TextureFormatAndroid (127)
[2020.10.10-05.10.12:601][125]LogModuleManager: Shutting down and abandoning module AudioFormatOpus (125)
[2020.10.10-05.10.12:601][125]LogModuleManager: Shutting down and abandoning module AudioFormatOgg (123)
[2020.10.10-05.10.12:601][125]LogModuleManager: Shutting down and abandoning module AudioFormatADPCM (121)
[2020.10.10-05.10.12:601][125]LogModuleManager: Shutting down and abandoning module LuminTargetPlatform (119)
[2020.10.10-05.10.12:602][125]LogModuleManager: Shutting down and abandoning module LinuxTargetPlatform (117)
[2020.10.10-05.10.12:602][125]LogModuleManager: Shutting down and abandoning module LinuxServerTargetPlatform (115)
[2020.10.10-05.10.12:602][125]LogModuleManager: Shutting down and abandoning module LinuxNoEditorTargetPlatform (113)
[2020.10.10-05.10.12:602][125]LogModuleManager: Shutting down and abandoning module LinuxClientTargetPlatform (111)
[2020.10.10-05.10.12:602][125]LogModuleManager: Shutting down and abandoning module TVOSTargetPlatform (109)
[2020.10.10-05.10.12:603][125]LogModuleManager: Shutting down and abandoning module Messaging (107)
[2020.10.10-05.10.12:603][125]LogModuleManager: Shutting down and abandoning module IOSTargetPlatform (105)
[2020.10.10-05.10.12:604][125]LogModuleManager: Shutting down and abandoning module HTML5TargetPlatform (103)
[2020.10.10-05.10.12:604][125]LogModuleManager: Shutting down and abandoning module AndroidTargetPlatform (101)
[2020.10.10-05.10.12:611][125]LogModuleManager: Shutting down and abandoning module WindowsTargetPlatform (99)
[2020.10.10-05.10.12:611][125]LogModuleManager: Shutting down and abandoning module WindowsServerTargetPlatform (97)
[2020.10.10-05.10.12:611][125]LogModuleManager: Shutting down and abandoning module WindowsNoEditorTargetPlatform (95)
[2020.10.10-05.10.12:611][125]LogModuleManager: Shutting down and abandoning module WindowsClientTargetPlatform (93)
[2020.10.10-05.10.12:611][125]LogModuleManager: Shutting down and abandoning module MacTargetPlatform (91)
[2020.10.10-05.10.12:611][125]LogModuleManager: Shutting down and abandoning module MacServerTargetPlatform (89)
[2020.10.10-05.10.12:612][125]LogModuleManager: Shutting down and abandoning module MacNoEditorTargetPlatform (87)
[2020.10.10-05.10.12:612][125]LogModuleManager: Shutting down and abandoning module MacClientTargetPlatform (85)
[2020.10.10-05.10.12:612][125]LogModuleManager: Shutting down and abandoning module AllDesktopTargetPlatform (83)
[2020.10.10-05.10.12:612][125]LogModuleManager: Shutting down and abandoning module InputCore (80)
[2020.10.10-05.10.12:612][125]LogModuleManager: Shutting down and abandoning module Settings (78)
[2020.10.10-05.10.12:612][125]LogModuleManager: Shutting down and abandoning module DirectoryWatcher (76)
[2020.10.10-05.10.12:612][125]LogModuleManager: Shutting down and abandoning module PhysXCooking (74)
[2020.10.10-05.10.12:612][125]LogModuleManager: Shutting down and abandoning module SteamVR (72)
[2020.10.10-05.10.12:612][125]LogHMD: Freeing OpenVRDLLHandle.
[2020.10.10-05.10.12:612][125]LogModuleManager: Shutting down and abandoning module OculusHMD (70)
[2020.10.10-05.10.12:612][125]LogModuleManager: Shutting down and abandoning module ExampleDeviceProfileSelector (68)
[2020.10.10-05.10.12:612][125]LogModuleManager: Shutting down and abandoning module LauncherChunkInstaller (66)
[2020.10.10-05.10.12:612][125]LogModuleManager: Shutting down and abandoning module OnlineBlueprintSupport (64)
[2020.10.10-05.10.12:612][125]LogModuleManager: Shutting down and abandoning module OnlineSubsystem (60)
[2020.10.10-05.10.12:613][125]LogModuleManager: Shutting down and abandoning module XMPP (55)
[2020.10.10-05.10.12:613][125]LogModuleManager: Shutting down and abandoning module WebSockets (54)
[2020.10.10-05.10.12:629][125]LogModuleManager: Shutting down and abandoning module HTTP (51)
[2020.10.10-05.10.12:629][125]LogHttp: Display: Http module shutting down, but needs to wait on 1 outstanding Http requests:
[2020.10.10-05.10.12:629][125]LogHttp: Display: 	verb=[POST] url=[https://datarouter.ol.epicgames.com/datarouter/api/v1/public/data?SessionID=%7BC9A8272D-43B5-CB9E-65C3-469B9BA8345D%7D&AppID=UEEditor.Rocket.Release&AppVersion=4.22.3-7053642%2B%2B%2BUE4%2BRelease-4.22&UserID=e74699444c8fe7438d0e8cb312453dd4%7C2b2cbeee34c04f439489ed4e31dd944f%7C90d59df7-8eb9-47c3-bfc5-8470f9e2767d&AppEnvironment=datacollector-binary&UploadType=eteventstream] status=Processing
[2020.10.10-05.10.12:663][125]LogModuleManager: Shutting down and abandoning module SSL (50)
[2020.10.10-05.10.12:664][125]LogModuleManager: Shutting down and abandoning module WmfMedia (46)
[2020.10.10-05.10.12:666][125]LogModuleManager: Shutting down and abandoning module Media (45)
[2020.10.10-05.10.12:672][125]LogModuleManager: Shutting down and abandoning module MagicLeap (42)
[2020.10.10-05.10.12:672][125]LogModuleManager: Shutting down and abandoning module DatasmithContent (40)
[2020.10.10-05.10.12:673][125]LogModuleManager: Shutting down and abandoning module AnimationModifiers (38)
[2020.10.10-05.10.12:673][125]LogModuleManager: Shutting down and abandoning module PropertyEditor (37)
[2020.10.10-05.10.12:673][125]LogModuleManager: Shutting down and abandoning module AudioEditor (34)
[2020.10.10-05.10.12:673][125]LogModuleManager: Shutting down and abandoning module TextureCompressor (32)
[2020.10.10-05.10.12:673][125]LogModuleManager: Shutting down and abandoning module RenderCore (30)
[2020.10.10-05.10.12:673][125]LogModuleManager: Shutting down and abandoning module Landscape (28)
[2020.10.10-05.10.12:673][125]LogModuleManager: Shutting down and abandoning module SlateRHIRenderer (26)
[2020.10.10-05.10.12:674][125]LogModuleManager: Shutting down and abandoning module OpenGLDrv (24)
[2020.10.10-05.10.12:674][125]LogModuleManager: Shutting down and abandoning module D3D11RHI (22)
[2020.10.10-05.10.12:674][125]LogModuleManager: Shutting down and abandoning module AnimGraphRuntime (20)
[2020.10.10-05.10.12:674][125]LogModuleManager: Shutting down and abandoning module Renderer (18)
[2020.10.10-05.10.12:674][125]LogModuleManager: Shutting down and abandoning module Engine (16)
[2020.10.10-05.10.12:674][125]LogModuleManager: Shutting down and abandoning module CoreUObject (14)
[2020.10.10-05.10.12:674][125]LogModuleManager: Shutting down and abandoning module NetworkFile (12)
[2020.10.10-05.10.12:674][125]LogModuleManager: Shutting down and abandoning module CookedIterativeFile (10)
[2020.10.10-05.10.12:674][125]LogModuleManager: Shutting down and abandoning module StreamingFile (8)
[2020.10.10-05.10.12:674][125]LogModuleManager: Shutting down and abandoning module SandboxFile (6)
[2020.10.10-05.10.12:674][125]LogModuleManager: Shutting down and abandoning module PakFile (4)
[2020.10.10-05.10.12:674][125]LogModuleManager: Shutting down and abandoning module RSA (3)
[2020.10.10-05.10.12:681][125]LogExit: Exiting.
[2020.10.10-05.10.12:718][125]Log file closed, 10/09/20 22:10:12
